<?xml version="1.0" encoding="UTF-8"?>
<!-- Generated by org.testng.reporters.JUnitXMLReporter -->
<testsuite ignored="30" hostname="COG-WIN-MAC03" failures="0" tests="1" name="Default test" time="66.983" errors="0" timestamp="2022-12-07T17:43:41 IST">
  <testcase classname="testcases.TicketingDashboardTest" name="verifyReportsValidation" time="53.895"/>
  <testcase classname="testcases.TicketingDashboardTest" name="verifyLastMonthFilterFromCategory" time="0.0">
    <ignored/>
  </testcase> <!-- verifyLastMonthFilterFromCategory -->
  <testcase classname="testcases.TicketingDashboardTest" name="verifyThisYearFilterByProduct" time="0.0">
    <ignored/>
  </testcase> <!-- verifyThisYearFilterByProduct -->
  <testcase classname="testcases.TicketingDashboardTest" name="verifyThisWeekFilterByResolver" time="0.0">
    <ignored/>
  </testcase> <!-- verifyThisWeekFilterByResolver -->
  <testcase classname="testcases.TicketingDashboardTest" name="verifyThisMonthByChannel" time="0.0">
    <ignored/>
  </testcase> <!-- verifyThisMonthByChannel -->
  <testcase classname="testcases.TicketingDashboardTest" name="verifyThisWeekFilterFromCategory" time="0.0">
    <ignored/>
  </testcase> <!-- verifyThisWeekFilterFromCategory -->
  <testcase classname="testcases.TicketingDashboardTest" name="verifyThisMonthFilterByProduct" time="0.0">
    <ignored/>
  </testcase> <!-- verifyThisMonthFilterByProduct -->
  <testcase classname="testcases.TicketingDashboardTest" name="verifyYesterdayFilterByChannel" time="0.0">
    <ignored/>
  </testcase> <!-- verifyYesterdayFilterByChannel -->
  <testcase classname="testcases.TicketingDashboardTest" name="verifyLastWeekByChannel" time="0.0">
    <ignored/>
  </testcase> <!-- verifyLastWeekByChannel -->
  <testcase classname="testcases.TicketingDashboardTest" name="verifyThisWeekFilter" time="0.0">
    <ignored/>
  </testcase> <!-- verifyThisWeekFilter -->
  <testcase classname="testcases.TicketingDashboardTest" name="verifyThisWeekFilterByProduct" time="0.0">
    <ignored/>
  </testcase> <!-- verifyThisWeekFilterByProduct -->
  <testcase classname="testcases.TicketingDashboardTest" name="verifyThisMonthFilter" time="0.0">
    <ignored/>
  </testcase> <!-- verifyThisMonthFilter -->
  <testcase classname="testcases.TicketingDashboardTest" name="verifyLastWeekFilter" time="0.0">
    <ignored/>
  </testcase> <!-- verifyLastWeekFilter -->
  <testcase classname="testcases.TicketingDashboardTest" name="verifyThisYearFilter" time="0.0">
    <ignored/>
  </testcase> <!-- verifyThisYearFilter -->
  <testcase classname="testcases.TicketingDashboardTest" name="verifyThisMonthFilterFromCategory" time="0.0">
    <ignored/>
  </testcase> <!-- verifyThisMonthFilterFromCategory -->
  <testcase classname="testcases.TicketingDashboardTest" name="verifyYesterDayFilter" time="0.0">
    <ignored/>
  </testcase> <!-- verifyYesterDayFilter -->
  <testcase classname="testcases.TicketingDashboardTest" name="verifyLastMonthByChannel" time="0.0">
    <ignored/>
  </testcase> <!-- verifyLastMonthByChannel -->
  <testcase classname="testcases.TicketingDashboardTest" name="validateWidgetsCount" time="0.0">
    <ignored/>
  </testcase> <!-- validateWidgetsCount -->
  <testcase classname="testcases.TicketingDashboardTest" name="verifyThisYearFilterFromCategory" time="0.0">
    <ignored/>
  </testcase> <!-- verifyThisYearFilterFromCategory -->
  <testcase classname="testcases.TicketingDashboardTest" name="verifyTodayFilterFromCategory" time="0.0">
    <ignored/>
  </testcase> <!-- verifyTodayFilterFromCategory -->
  <testcase classname="testcases.TicketingDashboardTest" name="verifyYesterdayFilterFromCategory" time="0.0">
    <ignored/>
  </testcase> <!-- verifyYesterdayFilterFromCategory -->
  <testcase classname="testcases.TicketingDashboardTest" name="verifyLastWeekFilterByProduct" time="0.0">
    <ignored/>
  </testcase> <!-- verifyLastWeekFilterByProduct -->
  <testcase classname="testcases.TicketingDashboardTest" name="verifyLastMonthFilter" time="0.0">
    <ignored/>
  </testcase> <!-- verifyLastMonthFilter -->
  <testcase classname="testcases.TicketingDashboardTest" name="verifyLastMonthFilterByProduct" time="0.0">
    <ignored/>
  </testcase> <!-- verifyLastMonthFilterByProduct -->
  <testcase classname="testcases.TicketingDashboardTest" name="verifyYesterdayFilterByProduct" time="0.0">
    <ignored/>
  </testcase> <!-- verifyYesterdayFilterByProduct -->
  <testcase classname="testcases.TicketingDashboardTest" name="verifyLastWeekFilterFromCategory" time="0.0">
    <ignored/>
  </testcase> <!-- verifyLastWeekFilterFromCategory -->
  <testcase classname="testcases.TicketingDashboardTest" name="verifyTodaysFilterByChannel" time="0.0">
    <ignored/>
  </testcase> <!-- verifyTodaysFilterByChannel -->
  <testcase classname="testcases.TicketingDashboardTest" name="verifyThisWeekByChannel" time="0.0">
    <ignored/>
  </testcase> <!-- verifyThisWeekByChannel -->
  <testcase classname="testcases.TicketingDashboardTest" name="verifyTodaysFilterByProduct" time="0.0">
    <ignored/>
  </testcase> <!-- verifyTodaysFilterByProduct -->
  <testcase classname="testcases.TicketingDashboardTest" name="verifyTodaysFilter" time="0.0">
    <ignored/>
  </testcase> <!-- verifyTodaysFilter -->
  <testcase classname="testcases.TicketingDashboardTest" name="verifyTodayFilterByResolver" time="0.0">
    <ignored/>
  </testcase> <!-- verifyTodayFilterByResolver -->
</testsuite> <!-- Default test -->
