<?xml version="1.0" encoding="UTF-8"?>
<!-- Generated by org.testng.reporters.JUnitXMLReporter -->
<testsuite ignored="1" hostname="COG-SYS-053" failures="1" tests="2" name="Add user and Department" time="109.63" errors="0" timestamp="2021-12-09T23:53:17 IST">
  <testcase classname="testcases.CompanySetupConfiguration" name="addNewUser" time="41.569">
    <failure type="java.lang.IndexOutOfBoundsException" message="Index 0 out of bounds for length 0">
      <![CDATA[java.lang.IndexOutOfBoundsException: Index 0 out of bounds for length 0
at java.base/jdk.internal.util.Preconditions.outOfBounds(Preconditions.java:64)
at java.base/jdk.internal.util.Preconditions.outOfBoundsCheckIndex(Preconditions.java:70)
at java.base/jdk.internal.util.Preconditions.checkIndex(Preconditions.java:266)
at java.base/java.util.Objects.checkIndex(Objects.java:359)
at java.base/java.util.ArrayList.get(ArrayList.java:427)
at pageobjects.CompanySetupPage.addSkillsForCreatedUser(CompanySetupPage.java:359)
at action.CompanySetupAction.addSkills(CompanySetupAction.java:69)
at testcases.CompanySetupConfiguration.addNewUser(CompanySetupConfiguration.java:24)
at java.base/java.util.ArrayList.forEach(ArrayList.java:1511)
... Removed 27 stack frames]]>
    </failure>
  </testcase> <!-- addNewUser -->
  <testcase classname="testcases.CompanySetupConfiguration" name="addUserAndDepartment" time="57.418"/>
  <testcase classname="testcases.CompanySetupConfiguration" name="addChannel" time="0.0">
    <ignored/>
  </testcase> <!-- addChannel -->
</testsuite> <!-- Add user and Department -->
