<?xml version="1.0" encoding="UTF-8"?>
<!-- Generated by org.testng.reporters.JUnitXMLReporter -->
<testsuite ignored="0" hostname="COG-SYS-053" failures="2" tests="11" name="SLA All TestCases" time="706.303" errors="0" timestamp="2021-12-09T00:17:03 IST">
  <testcase classname="testcases.SLATest" name="verifyMandatoryValidation" time="81.775"/>
  <testcase classname="testcases.SLATest" name="VerifyCharactersValidation" time="72.562"/>
  <testcase classname="testcases.SLATest" name="verifyClientCategoryFunctionality" time="47.655"/>
  <testcase classname="testcases.SLATest" name="verifyDepartmentCategoryFunctionality" time="46.264"/>
  <testcase classname="testcases.SLATest" name="verifyProductCategoryFunctionality" time="45.803"/>
  <testcase classname="testcases.SLATest" name="verifyDeleteButtonFunctionality" time="59.177"/>
  <testcase classname="testcases.SLATest" name="verifyPolicyDatePickerFunctionality" time="46.026"/>
  <testcase classname="testcases.SLATest" name="verifyBooleanFunctionality" time="84.81">
    <failure type="java.lang.AssertionError" message="Select Department second Dropdown -  element not clikabke">
      <![CDATA[java.lang.AssertionError: Select Department second Dropdown -  element not clikabke
at utils.WebBasePage.click(WebBasePage.java:91)
at pageobjects.AddSLAPage.selectEqualToDropDown(AddSLAPage.java:208)
at action.AddSLAAction.targetPopupDropdown(AddSLAAction.java:270)
at action.AddSLAAction.equalToTrashButton(AddSLAAction.java:275)
at action.AddSLAAction.booleanSettingTrashButton(AddSLAAction.java:259)
at testcases.SLATest.verifyBooleanFunctionality(SLATest.java:140)
at java.base/java.util.ArrayList.forEach(ArrayList.java:1511)
... Removed 28 stack frames]]>
    </failure>
  </testcase> <!-- verifyBooleanFunctionality -->
  <testcase classname="testcases.SLATest" name="verifyBooleanSaveButtonFunctionality" time="76.675">
    <failure type="java.lang.AssertionError" message="Select Department second Dropdown -  element not clikabke">
      <![CDATA[java.lang.AssertionError: Select Department second Dropdown -  element not clikabke
at utils.WebBasePage.click(WebBasePage.java:91)
at pageobjects.AddSLAPage.selectEqualToDropDown(AddSLAPage.java:208)
at action.AddSLAAction.targetPopupDropdown(AddSLAAction.java:270)
at action.AddSLAAction.equalToSaveButton(AddSLAAction.java:280)
at action.AddSLAAction.booleanSettingSaveButton(AddSLAAction.java:265)
at testcases.SLATest.verifyBooleanSaveButtonFunctionality(SLATest.java:152)
at java.base/java.util.ArrayList.forEach(ArrayList.java:1511)
... Removed 28 stack frames]]>
    </failure>
  </testcase> <!-- verifyBooleanSaveButtonFunctionality -->
  <testcase classname="testcases.SLATest" name="verifyResponseTimeValidations" time="67.118"/>
  <testcase classname="testcases.SLATest" name="verifyResolveTimeValidations" time="68.367"/>
</testsuite> <!-- SLA All TestCases -->
