<?xml version="1.0" encoding="UTF-8"?>
<!-- Generated by org.testng.reporters.JUnitXMLReporter -->
<testsuite ignored="10" hostname="COG-WIN-MAC03" failures="8" tests="60" name="Test" time="5182.553" errors="0" timestamp="2023-08-11T23:58:22 IST">
  <testcase classname="testcases.AddSLA" name="addTicketForSLA" time="289.692"/>
  <testcase classname="testcases.AddTicketTest" name="verifyAssignToDeptDropDown" time="67.676"/>
  <testcase classname="testcases.AddTicketTest" name="verifyTicketCategoryDropdown" time="63.539"/>
  <testcase classname="testcases.AddTicketTest" name="verifyPriorityDeptDropDown" time="63.495"/>
  <testcase classname="testcases.AddTicketTest" name="verifyValidations" time="66.749"/>
  <testcase classname="testcases.AddTicketTest" name="verifyTicketForRadioButtons" time="59.366"/>
  <testcase classname="testcases.AddTicketTest" name="verifyProductDropDown" time="61.279"/>
  <testcase classname="testcases.AddTicketTest" name="verifyNoValidations" time="57.516"/>
  <testcase classname="testcases.AddTicketTest" name="verifyTwoRadioButtons" time="67.02"/>
  <testcase classname="testcases.AddTicketTest" name="addOwnTickets" time="37.34">
    <failure type="java.lang.AssertionError" message="java.lang.NullPointerException: Cannot invoke &amp;quot;org.openqa.selenium.WebElement.clear()&amp;quot; because &amp;quot;element&amp;quot; is null">
      <![CDATA[java.lang.AssertionError: java.lang.NullPointerException: Cannot invoke "org.openqa.selenium.WebElement.clear()" because "element" is null
at utils.WebBasePage.enter(WebBasePage.java:64)
at pageobjects.UserLoginPage.enterUserName(UserLoginPage.java:77)
at pageobjects.UserLoginPage.forcefulLogOutLogin(UserLoginPage.java:123)
at action.LoginAction.logoutLogin(LoginAction.java:26)
at testcases.AddTicketTest.addOwnTickets(AddTicketTest.java:128)
at java.base/java.util.ArrayList.forEach(ArrayList.java:1511)
... Removed 28 stack frames]]>
    </failure>
  </testcase> <!-- addOwnTickets -->
  <testcase classname="testcases.AddTicketTest" name="verifyValidationForEmptyUser" time="70.466"/>
  <testcase classname="testcases.AddTicketTest" name="verifyValidationOnClientsField" time="55.176"/>
  <testcase classname="testcases.AddTicketTest" name="checkAddMoreFunctionality" time="55.63"/>
  <testcase classname="testcases.AddTicketTest" name="verifyCharctersInDescriptionField" time="85.677"/>
  <testcase classname="testcases.AddTicketTest" name="verifyFontOfUserGuide" time="47.902"/>
  <testcase classname="testcases.AddTicketTest" name="addTicket" time="100.447"/>
  <testcase classname="testcases.CompanySetupConfiguration" name="addNewUser" time="261.497"/>
  <testcase classname="testcases.CompanySetupConfiguration" name="addChannel" time="91.524"/>
  <testcase classname="testcases.CompanySetupConfiguration" name="addUserAndDepartment" time="85.961"/>
  <testcase classname="testcases.SLATest" name="verifyAddSLA" time="218.492">
    <failure type="java.lang.AssertionError" message="java.lang.NullPointerException: Cannot invoke &amp;quot;org.openqa.selenium.WebElement.clear()&amp;quot; because &amp;quot;element&amp;quot; is null">
      <![CDATA[java.lang.AssertionError: java.lang.NullPointerException: Cannot invoke "org.openqa.selenium.WebElement.clear()" because "element" is null
at utils.WebBasePage.enter(WebBasePage.java:64)
at pageobjects.SLAPage.searchPolicyName(SLAPage.java:35)
at action.SLAAction.searchPolicy(SLAAction.java:25)
at testcases.SLATest.verifyAddSLA(SLATest.java:33)
at java.base/java.util.ArrayList.forEach(ArrayList.java:1511)
... Removed 28 stack frames]]>
    </failure>
  </testcase> <!-- verifyAddSLA -->
  <testcase classname="testcases.SLATest" name="verifyMandatoryValidation" time="104.567"/>
  <testcase classname="testcases.SLATest" name="VerifyCharactersValidation" time="96.041">
    <failure type="java.lang.AssertionError" message="java.lang.NullPointerException: Cannot invoke &amp;quot;org.openqa.selenium.WebElement.clear()&amp;quot; because &amp;quot;element&amp;quot; is null">
      <![CDATA[java.lang.AssertionError: java.lang.NullPointerException: Cannot invoke "org.openqa.selenium.WebElement.clear()" because "element" is null
at utils.WebBasePage.enter(WebBasePage.java:64)
at pageobjects.UserLoginPage.enterUserName(UserLoginPage.java:77)
at pageobjects.UserLoginPage.forcefulLogOutLogin(UserLoginPage.java:123)
at action.LoginAction.logoutLogin(LoginAction.java:26)
at testcases.SLATest.VerifyCharactersValidation(SLATest.java:68)
at java.base/java.util.ArrayList.forEach(ArrayList.java:1511)
... Removed 28 stack frames]]>
    </failure>
  </testcase> <!-- VerifyCharactersValidation -->
  <testcase classname="testcases.SLATest" name="verifyRadioButtonsFunctionality" time="31.512"/>
  <testcase classname="testcases.SLATest" name="verifyClientCategoryFunctionality" time="53.147"/>
  <testcase classname="testcases.SLATest" name="verifyDepartmentCategoryFunctionality" time="64.153"/>
  <testcase classname="testcases.SLATest" name="verifyProductCategoryFunctionality" time="64.318"/>
  <testcase classname="testcases.SLATest" name="verifyDeleteButtonFunctionality" time="66.157"/>
  <testcase classname="testcases.SLATest" name="verifyPolicyDatePickerFunctionality" time="47.375">
    <failure type="java.lang.AssertionError" message="java.lang.NullPointerException: Cannot invoke &amp;quot;org.openqa.selenium.WebElement.getAttribute(String)&amp;quot; because &amp;quot;ele&amp;quot; is null">
      <![CDATA[java.lang.AssertionError: java.lang.NullPointerException: Cannot invoke "org.openqa.selenium.WebElement.getAttribute(String)" because "ele" is null
at utils.WebBasePage.getAtribute(WebBasePage.java:200)
at pageobjects.AddSLAPage.verifyPolicyDate(AddSLAPage.java:660)
at action.AddSLAAction.verifyPolicyDate(AddSLAAction.java:246)
at testcases.SLATest.verifyPolicyDatePickerFunctionality(SLATest.java:158)
at java.base/java.util.ArrayList.forEach(ArrayList.java:1511)
... Removed 28 stack frames]]>
    </failure>
  </testcase> <!-- verifyPolicyDatePickerFunctionality -->
  <testcase classname="testcases.SLATest" name="verifyBooleanFunctionality" time="65.474"/>
  <testcase classname="testcases.SLATest" name="verifyBooleanSaveButtonFunctionality" time="70.813"/>
  <testcase classname="testcases.SLATest" name="verifyResponseTimeValidations" time="86.608"/>
  <testcase classname="testcases.SLATest" name="verifyResolveTimeValidations" time="83.315"/>
  <testcase classname="testcases.TicketDetailReportTest" name="verifySearchTicket" time="165.23"/>
  <testcase classname="testcases.TicketGroupListingTest" name="verifySearchFunctionality" time="76.829"/>
  <testcase classname="testcases.TicketGroupListingTest" name="verifyResetFunctionality" time="68.748"/>
  <testcase classname="testcases.TicketingGroupTest" name="verifyAddGroup" time="56.444"/>
  <testcase classname="testcases.TicketingGroupTest" name="verifyCancelButton" time="54.954"/>
  <testcase classname="testcases.TicketingGroupTest" name="verifyNoRecordsMessage" time="69.452">
    <failure type="java.lang.AssertionError" message="java.lang.NullPointerException: Cannot invoke &amp;quot;org.openqa.selenium.WebElement.clear()&amp;quot; because &amp;quot;element&amp;quot; is null">
      <![CDATA[java.lang.AssertionError: java.lang.NullPointerException: Cannot invoke "org.openqa.selenium.WebElement.clear()" because "element" is null
at utils.WebBasePage.enter(WebBasePage.java:64)
at pageobjects.UserLoginPage.enterUserName(UserLoginPage.java:77)
at pageobjects.UserLoginPage.forcefulLogOutLogin(UserLoginPage.java:123)
at action.LoginAction.logoutLogin(LoginAction.java:26)
at testcases.TicketingGroupTest.verifyNoRecordsMessage(TicketingGroupTest.java:60)
at java.base/java.util.ArrayList.forEach(ArrayList.java:1511)
... Removed 28 stack frames]]>
    </failure>
  </testcase> <!-- verifyNoRecordsMessage -->
  <testcase classname="testcases.TicketingServiceBoardTest" name="verifyServiceboardElements" time="37.671"/>
  <testcase classname="testcases.TicketingServiceBoardTest" name="verifyAddServiceBoardGroupOne" time="57.236"/>
  <testcase classname="testcases.TicketingServiceBoardTest" name="verifyAddServiceBoardGroupTwo" time="47.534"/>
  <testcase classname="testcases.TicketingServiceBoardTest" name="verifyCancelButtonFunctionality" time="51.054"/>
  <testcase classname="testcases.TicketingServiceBoardTest" name="verifyUpdateServiceBoardNavigation" time="52.847"/>
  <testcase classname="testcases.TicketListingTest" name="verifyUrlOnClickingBreadCrumb" time="66.225"/>
  <testcase classname="testcases.TicketListingTest" name="verifyDeleteTicketFunctionality" time="295.064"/>
  <testcase classname="testcases.TicketListingTest" name="verifyResetButtonFunctionality" time="138.779">
    <failure type="java.lang.AssertionError" message="java.lang.NullPointerException: Cannot invoke &amp;quot;org.openqa.selenium.WebElement.clear()&amp;quot; because &amp;quot;element&amp;quot; is null">
      <![CDATA[java.lang.AssertionError: java.lang.NullPointerException: Cannot invoke "org.openqa.selenium.WebElement.clear()" because "element" is null
at utils.WebBasePage.enter(WebBasePage.java:64)
at pageobjects.UserLoginPage.enterUserName(UserLoginPage.java:77)
at pageobjects.UserLoginPage.forcefulLogOutLogin(UserLoginPage.java:123)
at action.LoginAction.logoutLogin(LoginAction.java:26)
at testcases.TicketListingTest.verifyResetButtonFunctionality(TicketListingTest.java:63)
at java.base/java.util.ArrayList.forEach(ArrayList.java:1511)
... Removed 28 stack frames]]>
    </failure>
  </testcase> <!-- verifyResetButtonFunctionality -->
  <testcase classname="testcases.TicketListingTest" name="verifyExpandCollapseFeature" time="31.123"/>
  <testcase classname="testcases.TicketListingTest" name="verifySearchFunctionality" time="76.382">
    <failure type="java.lang.AssertionError" message="java.lang.NullPointerException: Cannot invoke &amp;quot;org.openqa.selenium.WebElement.getText()&amp;quot; because &amp;quot;ele&amp;quot; is null">
      <![CDATA[java.lang.AssertionError: java.lang.NullPointerException: Cannot invoke "org.openqa.selenium.WebElement.getText()" because "ele" is null
at utils.WebBasePage.getText(WebBasePage.java:106)
at pageobjects.TicketListingPage.matchSearchedValues(TicketListingPage.java:182)
at action.TicketListingAction.validateSearch(TicketListingAction.java:99)
at testcases.TicketListingTest.verifySearchFunctionality(TicketListingTest.java:106)
at java.base/java.util.ArrayList.forEach(ArrayList.java:1511)
... Removed 28 stack frames]]>
    </failure>
  </testcase> <!-- verifySearchFunctionality -->
  <testcase classname="testcases.TicketListingTest" name="verifyUnassignedTicketWidget" time="69.504"/>
  <testcase classname="testcases.TicketListingTest" name="verifyReplyCount" time="74.19"/>
  <testcase classname="testcases.TicketListingTest" name="verifyFollowUpFunctionality" time="66.743"/>
  <testcase classname="testcases.TicketListingTest" name="verifyMergeButtonFunctionality" time="86.796">
    <failure type="java.lang.AssertionError" message="Action Button -  element not present">
      <![CDATA[java.lang.AssertionError: Action Button -  element not present
at utils.WebBasePage.clickByJavascript(WebBasePage.java:285)
at pageobjects.TicketListingPage.clickOnActionButton(TicketListingPage.java:108)
at action.TicketListingAction.actionButton(TicketListingAction.java:68)
at action.TicketListingAction.viewTicket(TicketListingAction.java:77)
at testcases.TicketListingTest.verifyMergeButtonFunctionality(TicketListingTest.java:173)
at java.base/java.util.ArrayList.forEach(ArrayList.java:1511)
... Removed 28 stack frames]]>
    </failure>
  </testcase> <!-- verifyMergeButtonFunctionality -->
  <testcase classname="testcases.TicketListingTest" name="verifyUpdateTicketFunctionality" time="84.426"/>
  <testcase classname="testcases.TicketListingTest" name="verifyNotesFunctionality" time="77.17"/>
  <testcase classname="testcases.TicketListingTest" name="verifyAttachmentTabFunctionality" time="56.306"/>
  <testcase classname="testcases.TicketListingTest" name="verifyWidgetsFunctionality" time="43.911"/>
  <testcase classname="testcases.TicketListingTest" name="verifyCannedReplyFunctionality" time="61.712"/>
  <testcase classname="testcases.TicketListingTest" name="verifyDraftReplyFunctionality" time="65.605"/>
  <testcase classname="testcases.TicketSummaryReportTest" name="verifySearchTicket" time="202.368"/>
  <testcase classname="testcases.UnassignedTicketsTest" name="verifyUnassignedTicketsCount" time="34.676"/>
  <testcase classname="utils.WebTestBase" name="@AfterSuite close" time="0.0">
    <ignored/>
  </testcase> <!-- @AfterSuite close -->
  <testcase classname="utils.WebTestBase" name="@AfterSuite close" time="0.0">
    <ignored/>
  </testcase> <!-- @AfterSuite close -->
  <testcase classname="utils.WebTestBase" name="@AfterSuite close" time="0.0">
    <ignored/>
  </testcase> <!-- @AfterSuite close -->
  <testcase classname="utils.WebTestBase" name="@AfterSuite close" time="0.0">
    <ignored/>
  </testcase> <!-- @AfterSuite close -->
  <testcase classname="utils.WebTestBase" name="@AfterSuite close" time="0.0">
    <ignored/>
  </testcase> <!-- @AfterSuite close -->
  <testcase classname="utils.WebTestBase" name="@AfterSuite close" time="0.0">
    <ignored/>
  </testcase> <!-- @AfterSuite close -->
  <testcase classname="utils.WebTestBase" name="@AfterSuite close" time="0.0">
    <ignored/>
  </testcase> <!-- @AfterSuite close -->
  <testcase classname="utils.WebTestBase" name="@AfterSuite close" time="0.0">
    <ignored/>
  </testcase> <!-- @AfterSuite close -->
  <testcase classname="utils.WebTestBase" name="@AfterSuite close" time="0.0">
    <ignored/>
  </testcase> <!-- @AfterSuite close -->
  <testcase classname="utils.WebTestBase" name="@AfterSuite close" time="0.0">
    <ignored/>
  </testcase> <!-- @AfterSuite close -->
</testsuite> <!-- Test -->
