<?xml version="1.0" encoding="UTF-8"?>
<!-- Generated by org.testng.reporters.JUnitXMLReporter -->
<testsuite ignored="2" hostname="COG-WIN-MAC03" failures="0" tests="21" name="Test" time="1347.299" errors="0" timestamp="2022-11-03T17:05:21 IST">
  <testcase classname="testcases.TicketingGroupTest" name="verifyAddGroup" time="38.224"/>
  <testcase classname="testcases.TicketingGroupTest" name="verifyCancelButton" time="50.879"/>
  <testcase classname="testcases.TicketingGroupTest" name="verifyNoRecordsMessage" time="45.77"/>
  <testcase classname="testcases.TicketingServiceBoardTest" name="verifyServiceboardElements" time="29.678"/>
  <testcase classname="testcases.TicketingServiceBoardTest" name="verifyAddServiceBoardGroupOne" time="51.222"/>
  <testcase classname="testcases.TicketingServiceBoardTest" name="verifyAddServiceBoardGroupTwo" time="47.703"/>
  <testcase classname="testcases.TicketingServiceBoardTest" name="verifyCancelButtonFunctionality" time="47.739"/>
  <testcase classname="testcases.TicketingServiceBoardTest" name="verifyUpdateServiceBoardNavigation" time="40.095"/>
  <testcase classname="testcases.SLATest" name="verifyAddSLA" time="152.331"/>
  <testcase classname="testcases.SLATest" name="verifyMandatoryValidation" time="89.749"/>
  <testcase classname="testcases.SLATest" name="VerifyCharactersValidation" time="92.37"/>
  <testcase classname="testcases.SLATest" name="verifyRadioButtonsFunctionality" time="39.715"/>
  <testcase classname="testcases.SLATest" name="verifyClientCategoryFunctionality" time="46.911"/>
  <testcase classname="testcases.SLATest" name="verifyDepartmentCategoryFunctionality" time="57.43"/>
  <testcase classname="testcases.SLATest" name="verifyProductCategoryFunctionality" time="47.565"/>
  <testcase classname="testcases.SLATest" name="verifyDeleteButtonFunctionality" time="61.797"/>
  <testcase classname="testcases.SLATest" name="verifyPolicyDatePickerFunctionality" time="42.518"/>
  <testcase classname="testcases.SLATest" name="verifyBooleanFunctionality" time="66.832"/>
  <testcase classname="testcases.SLATest" name="verifyBooleanSaveButtonFunctionality" time="63.166"/>
  <testcase classname="testcases.SLATest" name="verifyResponseTimeValidations" time="100.616"/>
  <testcase classname="testcases.SLATest" name="verifyResolveTimeValidations" time="91.919"/>
  <testcase classname="utils.WebTestBase" name="@AfterSuite close" time="0.0">
    <ignored/>
  </testcase> <!-- @AfterSuite close -->
  <testcase classname="utils.WebTestBase" name="@AfterSuite close" time="0.0">
    <ignored/>
  </testcase> <!-- @AfterSuite close -->
</testsuite> <!-- Test -->
