<?xml version="1.0" encoding="UTF-8"?>
<!-- Generated by org.testng.reporters.JUnitXMLReporter -->
<testsuite ignored="0" hostname="COG-SYS-053" failures="1" tests="3" name="TicketingGroup Test" time="152.94" errors="0" timestamp="2021-12-09T23:43:19 IST">
  <testcase classname="testcases.TicketingGroupTest" name="verifyAddGroup" time="47.72">
    <failure type="java.lang.AssertionError" message="Marks As Default -  element not present">
      <![CDATA[java.lang.AssertionError: Marks As Default -  element not present
at utils.WebBasePage.clickByJavascript(WebBasePage.java:269)
at pageobjects.AddGroupPage.selectMarkAsDefault(AddGroupPage.java:127)
at action.AddGroupAction.addGroupConfiguration(AddGroupAction.java:49)
at testcases.TicketingGroupTest.verifyAddGroup(TicketingGroupTest.java:30)
at java.base/java.util.ArrayList.forEach(ArrayList.java:1511)
... Removed 28 stack frames]]>
    </failure>
  </testcase> <!-- verifyAddGroup -->
  <testcase classname="testcases.TicketingGroupTest" name="verifyCancelButton" time="51.662"/>
  <testcase classname="testcases.TicketingGroupTest" name="verifyNoRecordsMessage" time="43.966"/>
</testsuite> <!-- TicketingGroup Test -->
