<?xml version="1.0" encoding="UTF-8"?>
<testng-results ignored="14" total="98" passed="75" failed="5" skipped="4">
  <reporter-output>
    <line>
      <![CDATA[Policy checkbox clicked]]>
    </line>
    <line>
      <![CDATA[Policy checkbox clicked]]>
    </line>
    <line>
      <![CDATA[Policy checkbox clicked]]>
    </line>
    <line>
      <![CDATA[Policy checkbox clicked]]>
    </line>
    <line>
      <![CDATA[Policy checkbox clicked]]>
    </line>
    <line>
      <![CDATA[Policy checkbox clicked]]>
    </line>
    <line>
      <![CDATA[Policy checkbox clicked]]>
    </line>
    <line>
      <![CDATA[Policy checkbox clicked]]>
    </line>
    <line>
      <![CDATA[Policy checkbox clicked]]>
    </line>
    <line>
      <![CDATA[Policy checkbox clicked]]>
    </line>
    <line>
      <![CDATA[Policy checkbox clicked]]>
    </line>
    <line>
      <![CDATA[Policy checkbox clicked]]>
    </line>
  </reporter-output>
  <suite started-at="2022-12-08T10:06:22 IST" name="Suite" finished-at="2022-12-08T13:40:32 IST" duration-ms="12849371">
    <groups>
    </groups>
    <test started-at="2022-12-08T10:06:22 IST" name="Test" finished-at="2022-12-08T13:40:32 IST" duration-ms="12849371">
      <class name="testcases.TicketingDashboardTest">
        <test-method is-config="true" signature="setUp()[pri:0, instance:testcases.TicketingDashboardTest@6356695f]" started-at="2022-12-08T10:52:00 IST" name="setUp" finished-at="2022-12-08T10:52:11 IST" duration-ms="11491" status="PASS">
          <reporter-output>
          </reporter-output>
        </test-method> <!-- setUp -->
        <test-method is-config="true" signature="beforeMethod(java.lang.reflect.Method)[pri:0, instance:testcases.TicketingDashboardTest@6356695f]" started-at="2022-12-08T10:52:11 IST" name="beforeMethod" finished-at="2022-12-08T10:52:11 IST" duration-ms="0" status="PASS">
          <params>
            <param index="0">
              <value>
                <![CDATA[public void testcases.TicketingDashboardTest.verifyReportsValidation()]]>
              </value>
            </param>
          </params>
          <reporter-output>
          </reporter-output>
        </test-method> <!-- beforeMethod -->
        <test-method signature="verifyReportsValidation()[pri:0, instance:testcases.TicketingDashboardTest@6356695f]" started-at="2022-12-08T10:52:11 IST" name="verifyReportsValidation" finished-at="2022-12-08T10:53:34 IST" duration-ms="82368" status="FAIL">
          <exception class="java.lang.AssertionError">
            <message>
              <![CDATA[Save -  element not clikabke]]>
            </message>
            <full-stacktrace>
              <![CDATA[java.lang.AssertionError: Save -  element not clikabke
at org.testng.Assert.fail(Assert.java:99)
at utils.WebBasePage.click(WebBasePage.java:91)
at pageobjects.TicketingDashboardPage.clickSaveButton(TicketingDashboardPage.java:156)
at pageobjects.TicketingDashboardPage.selectAllReports(TicketingDashboardPage.java:161)
at action.TicketingDashboardAction.validateReportsValidation(TicketingDashboardAction.java:40)
at testcases.TicketingDashboardTest.verifyReportsValidation(TicketingDashboardTest.java:26)
at java.base/jdk.internal.reflect.NativeMethodAccessorImpl.invoke0(Native Method)
at java.base/jdk.internal.reflect.NativeMethodAccessorImpl.invoke(NativeMethodAccessorImpl.java:77)
at java.base/jdk.internal.reflect.DelegatingMethodAccessorImpl.invoke(DelegatingMethodAccessorImpl.java:43)
at java.base/java.lang.reflect.Method.invoke(Method.java:568)
at org.testng.internal.MethodInvocationHelper.invokeMethod(MethodInvocationHelper.java:133)
at org.testng.internal.TestInvoker.invokeMethod(TestInvoker.java:598)
at org.testng.internal.TestInvoker.invokeTestMethod(TestInvoker.java:173)
at org.testng.internal.MethodRunner.runInSequence(MethodRunner.java:46)
at org.testng.internal.TestInvoker$MethodInvocationAgent.invoke(TestInvoker.java:824)
at org.testng.internal.TestInvoker.invokeTestMethods(TestInvoker.java:146)
at org.testng.internal.TestMethodWorker.invokeTestMethods(TestMethodWorker.java:146)
at org.testng.internal.TestMethodWorker.run(TestMethodWorker.java:128)
at java.base/java.util.ArrayList.forEach(ArrayList.java:1511)
at org.testng.TestRunner.privateRun(TestRunner.java:794)
at org.testng.TestRunner.run(TestRunner.java:596)
at org.testng.SuiteRunner.runTest(SuiteRunner.java:377)
at org.testng.SuiteRunner.runSequentially(SuiteRunner.java:371)
at org.testng.SuiteRunner.privateRun(SuiteRunner.java:332)
at org.testng.SuiteRunner.run(SuiteRunner.java:276)
at org.testng.SuiteRunnerWorker.runSuite(SuiteRunnerWorker.java:53)
at org.testng.SuiteRunnerWorker.run(SuiteRunnerWorker.java:96)
at org.testng.TestNG.runSuitesSequentially(TestNG.java:1212)
at org.testng.TestNG.runSuitesLocally(TestNG.java:1134)
at org.testng.TestNG.runSuites(TestNG.java:1063)
at org.testng.TestNG.run(TestNG.java:1031)
at org.testng.remote.AbstractRemoteTestNG.run(AbstractRemoteTestNG.java:115)
at org.testng.remote.RemoteTestNG.initAndRun(RemoteTestNG.java:251)
at org.testng.remote.RemoteTestNG.main(RemoteTestNG.java:77)
]]>
            </full-stacktrace>
          </exception> <!-- java.lang.AssertionError -->
          <reporter-output>
          </reporter-output>
        </test-method> <!-- verifyReportsValidation -->
        <test-method is-config="true" signature="reportWrapUp(org.testng.ITestResult,java.lang.reflect.Method)[pri:0, instance:testcases.TicketingDashboardTest@6356695f]" started-at="2022-12-08T10:53:34 IST" name="reportWrapUp" finished-at="2022-12-08T10:53:34 IST" duration-ms="291" status="PASS">
          <params>
            <param index="0">
              <value>
                <![CDATA[[TestResult name=verifyReportsValidation status=FAILURE method=TicketingDashboardTest.verifyReportsValidation()[pri:0, instance:testcases.TicketingDashboardTest@6356695f] output={null}]]]>
              </value>
            </param>
            <param index="1">
              <value>
                <![CDATA[public void testcases.TicketingDashboardTest.verifyReportsValidation()]]>
              </value>
            </param>
          </params>
          <reporter-output>
          </reporter-output>
        </test-method> <!-- reportWrapUp -->
        <test-method signature="validateWidgetsCount()[pri:1, instance:testcases.TicketingDashboardTest@6356695f]" started-at="2022-12-08T10:53:34 IST" name="validateWidgetsCount" finished-at="2022-12-08T10:55:14 IST" duration-ms="100341" status="PASS">
          <reporter-output>
          </reporter-output>
        </test-method> <!-- validateWidgetsCount -->
        <test-method is-config="true" signature="beforeMethod(java.lang.reflect.Method)[pri:0, instance:testcases.TicketingDashboardTest@6356695f]" started-at="2022-12-08T10:53:34 IST" name="beforeMethod" finished-at="2022-12-08T10:53:34 IST" duration-ms="0" status="PASS">
          <params>
            <param index="0">
              <value>
                <![CDATA[public void testcases.TicketingDashboardTest.validateWidgetsCount()]]>
              </value>
            </param>
          </params>
          <reporter-output>
          </reporter-output>
        </test-method> <!-- beforeMethod -->
        <test-method is-config="true" signature="reportWrapUp(org.testng.ITestResult,java.lang.reflect.Method)[pri:0, instance:testcases.TicketingDashboardTest@6356695f]" started-at="2022-12-08T10:55:14 IST" name="reportWrapUp" finished-at="2022-12-08T10:55:14 IST" duration-ms="0" status="PASS">
          <params>
            <param index="0">
              <value>
                <![CDATA[[TestResult name=validateWidgetsCount status=SUCCESS method=TicketingDashboardTest.validateWidgetsCount()[pri:1, instance:testcases.TicketingDashboardTest@6356695f] output={null}]]]>
              </value>
            </param>
            <param index="1">
              <value>
                <![CDATA[public void testcases.TicketingDashboardTest.validateWidgetsCount()]]>
              </value>
            </param>
          </params>
          <reporter-output>
          </reporter-output>
        </test-method> <!-- reportWrapUp -->
        <test-method is-config="true" signature="beforeMethod(java.lang.reflect.Method)[pri:0, instance:testcases.TicketingDashboardTest@6356695f]" started-at="2022-12-08T10:55:14 IST" name="beforeMethod" finished-at="2022-12-08T10:55:14 IST" duration-ms="0" status="PASS">
          <params>
            <param index="0">
              <value>
                <![CDATA[public void testcases.TicketingDashboardTest.verifyTodaysFilter()]]>
              </value>
            </param>
          </params>
          <reporter-output>
          </reporter-output>
        </test-method> <!-- beforeMethod -->
        <test-method signature="verifyTodaysFilter()[pri:3, instance:testcases.TicketingDashboardTest@6356695f]" started-at="2022-12-08T10:55:14 IST" name="verifyTodaysFilter" finished-at="2022-12-08T11:01:36 IST" duration-ms="381853" status="PASS">
          <reporter-output>
          </reporter-output>
        </test-method> <!-- verifyTodaysFilter -->
        <test-method is-config="true" signature="reportWrapUp(org.testng.ITestResult,java.lang.reflect.Method)[pri:0, instance:testcases.TicketingDashboardTest@6356695f]" started-at="2022-12-08T11:01:36 IST" name="reportWrapUp" finished-at="2022-12-08T11:01:36 IST" duration-ms="0" status="PASS">
          <params>
            <param index="0">
              <value>
                <![CDATA[[TestResult name=verifyTodaysFilter status=SUCCESS method=TicketingDashboardTest.verifyTodaysFilter()[pri:3, instance:testcases.TicketingDashboardTest@6356695f] output={null}]]]>
              </value>
            </param>
            <param index="1">
              <value>
                <![CDATA[public void testcases.TicketingDashboardTest.verifyTodaysFilter()]]>
              </value>
            </param>
          </params>
          <reporter-output>
          </reporter-output>
        </test-method> <!-- reportWrapUp -->
        <test-method is-config="true" signature="beforeMethod(java.lang.reflect.Method)[pri:0, instance:testcases.TicketingDashboardTest@6356695f]" started-at="2022-12-08T11:01:36 IST" name="beforeMethod" finished-at="2022-12-08T11:01:36 IST" duration-ms="1" status="PASS">
          <params>
            <param index="0">
              <value>
                <![CDATA[public void testcases.TicketingDashboardTest.verifyThisYearFilter()]]>
              </value>
            </param>
          </params>
          <reporter-output>
          </reporter-output>
        </test-method> <!-- beforeMethod -->
        <test-method signature="verifyThisYearFilter()[pri:4, instance:testcases.TicketingDashboardTest@6356695f]" started-at="2022-12-08T11:01:36 IST" name="verifyThisYearFilter" finished-at="2022-12-08T11:05:05 IST" duration-ms="208720" status="PASS">
          <reporter-output>
          </reporter-output>
        </test-method> <!-- verifyThisYearFilter -->
        <test-method is-config="true" signature="reportWrapUp(org.testng.ITestResult,java.lang.reflect.Method)[pri:0, instance:testcases.TicketingDashboardTest@6356695f]" started-at="2022-12-08T11:05:05 IST" name="reportWrapUp" finished-at="2022-12-08T11:05:05 IST" duration-ms="1" status="PASS">
          <params>
            <param index="0">
              <value>
                <![CDATA[[TestResult name=verifyThisYearFilter status=SUCCESS method=TicketingDashboardTest.verifyThisYearFilter()[pri:4, instance:testcases.TicketingDashboardTest@6356695f] output={null}]]]>
              </value>
            </param>
            <param index="1">
              <value>
                <![CDATA[public void testcases.TicketingDashboardTest.verifyThisYearFilter()]]>
              </value>
            </param>
          </params>
          <reporter-output>
          </reporter-output>
        </test-method> <!-- reportWrapUp -->
        <test-method is-config="true" signature="beforeMethod(java.lang.reflect.Method)[pri:0, instance:testcases.TicketingDashboardTest@6356695f]" started-at="2022-12-08T11:05:05 IST" name="beforeMethod" finished-at="2022-12-08T11:05:05 IST" duration-ms="0" status="PASS">
          <params>
            <param index="0">
              <value>
                <![CDATA[public void testcases.TicketingDashboardTest.verifyYesterDayFilter()]]>
              </value>
            </param>
          </params>
          <reporter-output>
          </reporter-output>
        </test-method> <!-- beforeMethod -->
        <test-method signature="verifyYesterDayFilter()[pri:5, instance:testcases.TicketingDashboardTest@6356695f]" started-at="2022-12-08T11:05:05 IST" name="verifyYesterDayFilter" finished-at="2022-12-08T11:07:34 IST" duration-ms="148505" status="PASS">
          <reporter-output>
          </reporter-output>
        </test-method> <!-- verifyYesterDayFilter -->
        <test-method is-config="true" signature="reportWrapUp(org.testng.ITestResult,java.lang.reflect.Method)[pri:0, instance:testcases.TicketingDashboardTest@6356695f]" started-at="2022-12-08T11:07:34 IST" name="reportWrapUp" finished-at="2022-12-08T11:07:34 IST" duration-ms="1" status="PASS">
          <params>
            <param index="0">
              <value>
                <![CDATA[[TestResult name=verifyYesterDayFilter status=SUCCESS method=TicketingDashboardTest.verifyYesterDayFilter()[pri:5, instance:testcases.TicketingDashboardTest@6356695f] output={null}]]]>
              </value>
            </param>
            <param index="1">
              <value>
                <![CDATA[public void testcases.TicketingDashboardTest.verifyYesterDayFilter()]]>
              </value>
            </param>
          </params>
          <reporter-output>
          </reporter-output>
        </test-method> <!-- reportWrapUp -->
        <test-method is-config="true" signature="beforeMethod(java.lang.reflect.Method)[pri:0, instance:testcases.TicketingDashboardTest@6356695f]" started-at="2022-12-08T11:07:34 IST" name="beforeMethod" finished-at="2022-12-08T11:07:34 IST" duration-ms="0" status="PASS">
          <params>
            <param index="0">
              <value>
                <![CDATA[public void testcases.TicketingDashboardTest.verifyLastWeekFilter()]]>
              </value>
            </param>
          </params>
          <reporter-output>
          </reporter-output>
        </test-method> <!-- beforeMethod -->
        <test-method signature="verifyLastWeekFilter()[pri:6, instance:testcases.TicketingDashboardTest@6356695f]" started-at="2022-12-08T11:07:34 IST" name="verifyLastWeekFilter" finished-at="2022-12-08T11:10:55 IST" duration-ms="201907" status="PASS">
          <reporter-output>
          </reporter-output>
        </test-method> <!-- verifyLastWeekFilter -->
        <test-method is-config="true" signature="reportWrapUp(org.testng.ITestResult,java.lang.reflect.Method)[pri:0, instance:testcases.TicketingDashboardTest@6356695f]" started-at="2022-12-08T11:10:55 IST" name="reportWrapUp" finished-at="2022-12-08T11:10:55 IST" duration-ms="2" status="PASS">
          <params>
            <param index="0">
              <value>
                <![CDATA[[TestResult name=verifyLastWeekFilter status=SUCCESS method=TicketingDashboardTest.verifyLastWeekFilter()[pri:6, instance:testcases.TicketingDashboardTest@6356695f] output={null}]]]>
              </value>
            </param>
            <param index="1">
              <value>
                <![CDATA[public void testcases.TicketingDashboardTest.verifyLastWeekFilter()]]>
              </value>
            </param>
          </params>
          <reporter-output>
          </reporter-output>
        </test-method> <!-- reportWrapUp -->
        <test-method is-config="true" signature="beforeMethod(java.lang.reflect.Method)[pri:0, instance:testcases.TicketingDashboardTest@6356695f]" started-at="2022-12-08T11:10:55 IST" name="beforeMethod" finished-at="2022-12-08T11:10:55 IST" duration-ms="0" status="PASS">
          <params>
            <param index="0">
              <value>
                <![CDATA[public void testcases.TicketingDashboardTest.verifyThisWeekFilter()]]>
              </value>
            </param>
          </params>
          <reporter-output>
          </reporter-output>
        </test-method> <!-- beforeMethod -->
        <test-method signature="verifyThisWeekFilter()[pri:7, instance:testcases.TicketingDashboardTest@6356695f]" started-at="2022-12-08T11:10:55 IST" name="verifyThisWeekFilter" finished-at="2022-12-08T11:14:16 IST" duration-ms="200227" status="PASS">
          <reporter-output>
          </reporter-output>
        </test-method> <!-- verifyThisWeekFilter -->
        <test-method is-config="true" signature="reportWrapUp(org.testng.ITestResult,java.lang.reflect.Method)[pri:0, instance:testcases.TicketingDashboardTest@6356695f]" started-at="2022-12-08T11:14:16 IST" name="reportWrapUp" finished-at="2022-12-08T11:14:16 IST" duration-ms="1" status="PASS">
          <params>
            <param index="0">
              <value>
                <![CDATA[[TestResult name=verifyThisWeekFilter status=SUCCESS method=TicketingDashboardTest.verifyThisWeekFilter()[pri:7, instance:testcases.TicketingDashboardTest@6356695f] output={null}]]]>
              </value>
            </param>
            <param index="1">
              <value>
                <![CDATA[public void testcases.TicketingDashboardTest.verifyThisWeekFilter()]]>
              </value>
            </param>
          </params>
          <reporter-output>
          </reporter-output>
        </test-method> <!-- reportWrapUp -->
        <test-method is-config="true" signature="beforeMethod(java.lang.reflect.Method)[pri:0, instance:testcases.TicketingDashboardTest@6356695f]" started-at="2022-12-08T11:14:16 IST" name="beforeMethod" finished-at="2022-12-08T11:14:16 IST" duration-ms="0" status="PASS">
          <params>
            <param index="0">
              <value>
                <![CDATA[public void testcases.TicketingDashboardTest.verifyThisMonthFilter()]]>
              </value>
            </param>
          </params>
          <reporter-output>
          </reporter-output>
        </test-method> <!-- beforeMethod -->
        <test-method signature="verifyThisMonthFilter()[pri:8, instance:testcases.TicketingDashboardTest@6356695f]" started-at="2022-12-08T11:14:16 IST" name="verifyThisMonthFilter" finished-at="2022-12-08T11:17:49 IST" duration-ms="213678" status="PASS">
          <reporter-output>
          </reporter-output>
        </test-method> <!-- verifyThisMonthFilter -->
        <test-method is-config="true" signature="reportWrapUp(org.testng.ITestResult,java.lang.reflect.Method)[pri:0, instance:testcases.TicketingDashboardTest@6356695f]" started-at="2022-12-08T11:17:49 IST" name="reportWrapUp" finished-at="2022-12-08T11:17:49 IST" duration-ms="1" status="PASS">
          <params>
            <param index="0">
              <value>
                <![CDATA[[TestResult name=verifyThisMonthFilter status=SUCCESS method=TicketingDashboardTest.verifyThisMonthFilter()[pri:8, instance:testcases.TicketingDashboardTest@6356695f] output={null}]]]>
              </value>
            </param>
            <param index="1">
              <value>
                <![CDATA[public void testcases.TicketingDashboardTest.verifyThisMonthFilter()]]>
              </value>
            </param>
          </params>
          <reporter-output>
          </reporter-output>
        </test-method> <!-- reportWrapUp -->
        <test-method is-config="true" signature="beforeMethod(java.lang.reflect.Method)[pri:0, instance:testcases.TicketingDashboardTest@6356695f]" started-at="2022-12-08T11:17:49 IST" name="beforeMethod" finished-at="2022-12-08T11:17:49 IST" duration-ms="1" status="PASS">
          <params>
            <param index="0">
              <value>
                <![CDATA[public void testcases.TicketingDashboardTest.verifyLastMonthFilter()]]>
              </value>
            </param>
          </params>
          <reporter-output>
          </reporter-output>
        </test-method> <!-- beforeMethod -->
        <test-method signature="verifyLastMonthFilter()[pri:9, instance:testcases.TicketingDashboardTest@6356695f]" started-at="2022-12-08T11:17:49 IST" name="verifyLastMonthFilter" finished-at="2022-12-08T11:20:16 IST" duration-ms="146566" status="PASS">
          <reporter-output>
          </reporter-output>
        </test-method> <!-- verifyLastMonthFilter -->
        <test-method is-config="true" signature="reportWrapUp(org.testng.ITestResult,java.lang.reflect.Method)[pri:0, instance:testcases.TicketingDashboardTest@6356695f]" started-at="2022-12-08T11:20:16 IST" name="reportWrapUp" finished-at="2022-12-08T11:20:16 IST" duration-ms="1" status="PASS">
          <params>
            <param index="0">
              <value>
                <![CDATA[[TestResult name=verifyLastMonthFilter status=SUCCESS method=TicketingDashboardTest.verifyLastMonthFilter()[pri:9, instance:testcases.TicketingDashboardTest@6356695f] output={null}]]]>
              </value>
            </param>
            <param index="1">
              <value>
                <![CDATA[public void testcases.TicketingDashboardTest.verifyLastMonthFilter()]]>
              </value>
            </param>
          </params>
          <reporter-output>
          </reporter-output>
        </test-method> <!-- reportWrapUp -->
        <test-method signature="verifyTodayFilterFromCategory()[pri:10, instance:testcases.TicketingDashboardTest@6356695f]" started-at="2022-12-08T11:20:16 IST" name="verifyTodayFilterFromCategory" finished-at="2022-12-08T11:24:42 IST" duration-ms="265758" status="PASS">
          <reporter-output>
          </reporter-output>
        </test-method> <!-- verifyTodayFilterFromCategory -->
        <test-method is-config="true" signature="beforeMethod(java.lang.reflect.Method)[pri:0, instance:testcases.TicketingDashboardTest@6356695f]" started-at="2022-12-08T11:20:16 IST" name="beforeMethod" finished-at="2022-12-08T11:20:16 IST" duration-ms="0" status="PASS">
          <params>
            <param index="0">
              <value>
                <![CDATA[public void testcases.TicketingDashboardTest.verifyTodayFilterFromCategory()]]>
              </value>
            </param>
          </params>
          <reporter-output>
          </reporter-output>
        </test-method> <!-- beforeMethod -->
        <test-method is-config="true" signature="reportWrapUp(org.testng.ITestResult,java.lang.reflect.Method)[pri:0, instance:testcases.TicketingDashboardTest@6356695f]" started-at="2022-12-08T11:24:42 IST" name="reportWrapUp" finished-at="2022-12-08T11:24:42 IST" duration-ms="1" status="PASS">
          <params>
            <param index="0">
              <value>
                <![CDATA[[TestResult name=verifyTodayFilterFromCategory status=SUCCESS method=TicketingDashboardTest.verifyTodayFilterFromCategory()[pri:10, instance:testcases.TicketingDashboardTest@6356695f] output={null}]]]>
              </value>
            </param>
            <param index="1">
              <value>
                <![CDATA[public void testcases.TicketingDashboardTest.verifyTodayFilterFromCategory()]]>
              </value>
            </param>
          </params>
          <reporter-output>
          </reporter-output>
        </test-method> <!-- reportWrapUp -->
        <test-method is-config="true" signature="beforeMethod(java.lang.reflect.Method)[pri:0, instance:testcases.TicketingDashboardTest@6356695f]" started-at="2022-12-08T11:24:42 IST" name="beforeMethod" finished-at="2022-12-08T11:24:42 IST" duration-ms="0" status="PASS">
          <params>
            <param index="0">
              <value>
                <![CDATA[public void testcases.TicketingDashboardTest.verifyThisWeekFilterFromCategory()]]>
              </value>
            </param>
          </params>
          <reporter-output>
          </reporter-output>
        </test-method> <!-- beforeMethod -->
        <test-method signature="verifyThisWeekFilterFromCategory()[pri:11, instance:testcases.TicketingDashboardTest@6356695f]" started-at="2022-12-08T11:24:42 IST" name="verifyThisWeekFilterFromCategory" finished-at="2022-12-08T11:27:16 IST" duration-ms="154262" status="PASS">
          <reporter-output>
          </reporter-output>
        </test-method> <!-- verifyThisWeekFilterFromCategory -->
        <test-method is-config="true" signature="reportWrapUp(org.testng.ITestResult,java.lang.reflect.Method)[pri:0, instance:testcases.TicketingDashboardTest@6356695f]" started-at="2022-12-08T11:27:16 IST" name="reportWrapUp" finished-at="2022-12-08T11:27:16 IST" duration-ms="0" status="PASS">
          <params>
            <param index="0">
              <value>
                <![CDATA[[TestResult name=verifyThisWeekFilterFromCategory status=SUCCESS method=TicketingDashboardTest.verifyThisWeekFilterFromCategory()[pri:11, instance:testcases.TicketingDashboardTest@6356695f] output={null}]]]>
              </value>
            </param>
            <param index="1">
              <value>
                <![CDATA[public void testcases.TicketingDashboardTest.verifyThisWeekFilterFromCategory()]]>
              </value>
            </param>
          </params>
          <reporter-output>
          </reporter-output>
        </test-method> <!-- reportWrapUp -->
        <test-method is-config="true" signature="beforeMethod(java.lang.reflect.Method)[pri:0, instance:testcases.TicketingDashboardTest@6356695f]" started-at="2022-12-08T11:27:16 IST" name="beforeMethod" finished-at="2022-12-08T11:27:16 IST" duration-ms="1" status="PASS">
          <params>
            <param index="0">
              <value>
                <![CDATA[public void testcases.TicketingDashboardTest.verifyYesterdayFilterFromCategory()]]>
              </value>
            </param>
          </params>
          <reporter-output>
          </reporter-output>
        </test-method> <!-- beforeMethod -->
        <test-method signature="verifyYesterdayFilterFromCategory()[pri:14, instance:testcases.TicketingDashboardTest@6356695f]" started-at="2022-12-08T11:27:16 IST" name="verifyYesterdayFilterFromCategory" finished-at="2022-12-08T11:29:47 IST" duration-ms="151015" status="PASS">
          <reporter-output>
          </reporter-output>
        </test-method> <!-- verifyYesterdayFilterFromCategory -->
        <test-method is-config="true" signature="reportWrapUp(org.testng.ITestResult,java.lang.reflect.Method)[pri:0, instance:testcases.TicketingDashboardTest@6356695f]" started-at="2022-12-08T11:29:47 IST" name="reportWrapUp" finished-at="2022-12-08T11:29:47 IST" duration-ms="1" status="PASS">
          <params>
            <param index="0">
              <value>
                <![CDATA[[TestResult name=verifyYesterdayFilterFromCategory status=SUCCESS method=TicketingDashboardTest.verifyYesterdayFilterFromCategory()[pri:14, instance:testcases.TicketingDashboardTest@6356695f] output={null}]]]>
              </value>
            </param>
            <param index="1">
              <value>
                <![CDATA[public void testcases.TicketingDashboardTest.verifyYesterdayFilterFromCategory()]]>
              </value>
            </param>
          </params>
          <reporter-output>
          </reporter-output>
        </test-method> <!-- reportWrapUp -->
        <test-method is-config="true" signature="beforeMethod(java.lang.reflect.Method)[pri:0, instance:testcases.TicketingDashboardTest@6356695f]" started-at="2022-12-08T11:29:47 IST" name="beforeMethod" finished-at="2022-12-08T11:29:47 IST" duration-ms="0" status="PASS">
          <params>
            <param index="0">
              <value>
                <![CDATA[public void testcases.TicketingDashboardTest.verifyYesterdayFilterByChannel()]]>
              </value>
            </param>
          </params>
          <reporter-output>
          </reporter-output>
        </test-method> <!-- beforeMethod -->
        <test-method signature="verifyYesterdayFilterByChannel()[pri:17, instance:testcases.TicketingDashboardTest@6356695f]" started-at="2022-12-08T11:29:47 IST" name="verifyYesterdayFilterByChannel" finished-at="2022-12-08T11:36:18 IST" duration-ms="390635" status="PASS">
          <reporter-output>
          </reporter-output>
        </test-method> <!-- verifyYesterdayFilterByChannel -->
        <test-method is-config="true" signature="reportWrapUp(org.testng.ITestResult,java.lang.reflect.Method)[pri:0, instance:testcases.TicketingDashboardTest@6356695f]" started-at="2022-12-08T11:36:18 IST" name="reportWrapUp" finished-at="2022-12-08T11:36:18 IST" duration-ms="0" status="PASS">
          <params>
            <param index="0">
              <value>
                <![CDATA[[TestResult name=verifyYesterdayFilterByChannel status=SUCCESS method=TicketingDashboardTest.verifyYesterdayFilterByChannel()[pri:17, instance:testcases.TicketingDashboardTest@6356695f] output={null}]]]>
              </value>
            </param>
            <param index="1">
              <value>
                <![CDATA[public void testcases.TicketingDashboardTest.verifyYesterdayFilterByChannel()]]>
              </value>
            </param>
          </params>
          <reporter-output>
          </reporter-output>
        </test-method> <!-- reportWrapUp -->
        <test-method is-config="true" signature="beforeMethod(java.lang.reflect.Method)[pri:0, instance:testcases.TicketingDashboardTest@6356695f]" started-at="2022-12-08T11:36:18 IST" name="beforeMethod" finished-at="2022-12-08T11:36:18 IST" duration-ms="1" status="PASS">
          <params>
            <param index="0">
              <value>
                <![CDATA[public void testcases.TicketingDashboardTest.verifyTodaysFilterByChannel()]]>
              </value>
            </param>
          </params>
          <reporter-output>
          </reporter-output>
        </test-method> <!-- beforeMethod -->
        <test-method signature="verifyTodaysFilterByChannel()[pri:18, instance:testcases.TicketingDashboardTest@6356695f]" started-at="2022-12-08T11:36:18 IST" name="verifyTodaysFilterByChannel" finished-at="2022-12-08T11:38:55 IST" duration-ms="157117" status="PASS">
          <reporter-output>
          </reporter-output>
        </test-method> <!-- verifyTodaysFilterByChannel -->
        <test-method is-config="true" signature="reportWrapUp(org.testng.ITestResult,java.lang.reflect.Method)[pri:0, instance:testcases.TicketingDashboardTest@6356695f]" started-at="2022-12-08T11:38:55 IST" name="reportWrapUp" finished-at="2022-12-08T11:38:55 IST" duration-ms="0" status="PASS">
          <params>
            <param index="0">
              <value>
                <![CDATA[[TestResult name=verifyTodaysFilterByChannel status=SUCCESS method=TicketingDashboardTest.verifyTodaysFilterByChannel()[pri:18, instance:testcases.TicketingDashboardTest@6356695f] output={null}]]]>
              </value>
            </param>
            <param index="1">
              <value>
                <![CDATA[public void testcases.TicketingDashboardTest.verifyTodaysFilterByChannel()]]>
              </value>
            </param>
          </params>
          <reporter-output>
          </reporter-output>
        </test-method> <!-- reportWrapUp -->
        <test-method signature="verifyThisWeekByChannel()[pri:19, instance:testcases.TicketingDashboardTest@6356695f]" started-at="2022-12-08T11:38:55 IST" name="verifyThisWeekByChannel" finished-at="2022-12-08T11:41:43 IST" duration-ms="168157" status="PASS">
          <reporter-output>
          </reporter-output>
        </test-method> <!-- verifyThisWeekByChannel -->
        <test-method is-config="true" signature="beforeMethod(java.lang.reflect.Method)[pri:0, instance:testcases.TicketingDashboardTest@6356695f]" started-at="2022-12-08T11:38:55 IST" name="beforeMethod" finished-at="2022-12-08T11:38:55 IST" duration-ms="0" status="PASS">
          <params>
            <param index="0">
              <value>
                <![CDATA[public void testcases.TicketingDashboardTest.verifyThisWeekByChannel()]]>
              </value>
            </param>
          </params>
          <reporter-output>
          </reporter-output>
        </test-method> <!-- beforeMethod -->
        <test-method is-config="true" signature="reportWrapUp(org.testng.ITestResult,java.lang.reflect.Method)[pri:0, instance:testcases.TicketingDashboardTest@6356695f]" started-at="2022-12-08T11:41:43 IST" name="reportWrapUp" finished-at="2022-12-08T11:41:43 IST" duration-ms="1" status="PASS">
          <params>
            <param index="0">
              <value>
                <![CDATA[[TestResult name=verifyThisWeekByChannel status=SUCCESS method=TicketingDashboardTest.verifyThisWeekByChannel()[pri:19, instance:testcases.TicketingDashboardTest@6356695f] output={null}]]]>
              </value>
            </param>
            <param index="1">
              <value>
                <![CDATA[public void testcases.TicketingDashboardTest.verifyThisWeekByChannel()]]>
              </value>
            </param>
          </params>
          <reporter-output>
          </reporter-output>
        </test-method> <!-- reportWrapUp -->
        <test-method is-config="true" signature="beforeMethod(java.lang.reflect.Method)[pri:0, instance:testcases.TicketingDashboardTest@6356695f]" started-at="2022-12-08T11:41:43 IST" name="beforeMethod" finished-at="2022-12-08T11:41:43 IST" duration-ms="0" status="PASS">
          <params>
            <param index="0">
              <value>
                <![CDATA[public void testcases.TicketingDashboardTest.verifyLastWeekByChannel()]]>
              </value>
            </param>
          </params>
          <reporter-output>
          </reporter-output>
        </test-method> <!-- beforeMethod -->
        <test-method signature="verifyLastWeekByChannel()[pri:20, instance:testcases.TicketingDashboardTest@6356695f]" started-at="2022-12-08T11:41:43 IST" name="verifyLastWeekByChannel" finished-at="2022-12-08T11:44:21 IST" duration-ms="158119" status="PASS">
          <reporter-output>
          </reporter-output>
        </test-method> <!-- verifyLastWeekByChannel -->
        <test-method is-config="true" signature="reportWrapUp(org.testng.ITestResult,java.lang.reflect.Method)[pri:0, instance:testcases.TicketingDashboardTest@6356695f]" started-at="2022-12-08T11:44:21 IST" name="reportWrapUp" finished-at="2022-12-08T11:44:21 IST" duration-ms="0" status="PASS">
          <params>
            <param index="0">
              <value>
                <![CDATA[[TestResult name=verifyLastWeekByChannel status=SUCCESS method=TicketingDashboardTest.verifyLastWeekByChannel()[pri:20, instance:testcases.TicketingDashboardTest@6356695f] output={null}]]]>
              </value>
            </param>
            <param index="1">
              <value>
                <![CDATA[public void testcases.TicketingDashboardTest.verifyLastWeekByChannel()]]>
              </value>
            </param>
          </params>
          <reporter-output>
          </reporter-output>
        </test-method> <!-- reportWrapUp -->
        <test-method is-config="true" signature="beforeMethod(java.lang.reflect.Method)[pri:0, instance:testcases.TicketingDashboardTest@6356695f]" started-at="2022-12-08T11:44:21 IST" name="beforeMethod" finished-at="2022-12-08T11:44:21 IST" duration-ms="1" status="PASS">
          <params>
            <param index="0">
              <value>
                <![CDATA[public void testcases.TicketingDashboardTest.verifyThisMonthByChannel()]]>
              </value>
            </param>
          </params>
          <reporter-output>
          </reporter-output>
        </test-method> <!-- beforeMethod -->
        <test-method signature="verifyThisMonthByChannel()[pri:21, instance:testcases.TicketingDashboardTest@6356695f]" started-at="2022-12-08T11:44:21 IST" name="verifyThisMonthByChannel" finished-at="2022-12-08T11:49:55 IST" duration-ms="334379" status="FAIL">
          <exception class="java.lang.AssertionError">
            <message>
              <![CDATA[java.lang.NullPointerException: Cannot invoke "org.openqa.selenium.WebElement.clear()" because "element" is null]]>
            </message>
            <full-stacktrace>
              <![CDATA[java.lang.AssertionError: java.lang.NullPointerException: Cannot invoke "org.openqa.selenium.WebElement.clear()" because "element" is null
at org.testng.Assert.fail(Assert.java:99)
at utils.WebBasePage.enter(WebBasePage.java:64)
at pageobjects.UserLoginPage.enterUserName(UserLoginPage.java:77)
at pageobjects.UserLoginPage.forcefulLogOutLogin(UserLoginPage.java:123)
at action.LoginAction.logoutLogin(LoginAction.java:26)
at testcases.TicketingDashboardTest.verifyThisMonthByChannel(TicketingDashboardTest.java:460)
at java.base/jdk.internal.reflect.NativeMethodAccessorImpl.invoke0(Native Method)
at java.base/jdk.internal.reflect.NativeMethodAccessorImpl.invoke(NativeMethodAccessorImpl.java:77)
at java.base/jdk.internal.reflect.DelegatingMethodAccessorImpl.invoke(DelegatingMethodAccessorImpl.java:43)
at java.base/java.lang.reflect.Method.invoke(Method.java:568)
at org.testng.internal.MethodInvocationHelper.invokeMethod(MethodInvocationHelper.java:133)
at org.testng.internal.TestInvoker.invokeMethod(TestInvoker.java:598)
at org.testng.internal.TestInvoker.invokeTestMethod(TestInvoker.java:173)
at org.testng.internal.MethodRunner.runInSequence(MethodRunner.java:46)
at org.testng.internal.TestInvoker$MethodInvocationAgent.invoke(TestInvoker.java:824)
at org.testng.internal.TestInvoker.invokeTestMethods(TestInvoker.java:146)
at org.testng.internal.TestMethodWorker.invokeTestMethods(TestMethodWorker.java:146)
at org.testng.internal.TestMethodWorker.run(TestMethodWorker.java:128)
at java.base/java.util.ArrayList.forEach(ArrayList.java:1511)
at org.testng.TestRunner.privateRun(TestRunner.java:794)
at org.testng.TestRunner.run(TestRunner.java:596)
at org.testng.SuiteRunner.runTest(SuiteRunner.java:377)
at org.testng.SuiteRunner.runSequentially(SuiteRunner.java:371)
at org.testng.SuiteRunner.privateRun(SuiteRunner.java:332)
at org.testng.SuiteRunner.run(SuiteRunner.java:276)
at org.testng.SuiteRunnerWorker.runSuite(SuiteRunnerWorker.java:53)
at org.testng.SuiteRunnerWorker.run(SuiteRunnerWorker.java:96)
at org.testng.TestNG.runSuitesSequentially(TestNG.java:1212)
at org.testng.TestNG.runSuitesLocally(TestNG.java:1134)
at org.testng.TestNG.runSuites(TestNG.java:1063)
at org.testng.TestNG.run(TestNG.java:1031)
at org.testng.remote.AbstractRemoteTestNG.run(AbstractRemoteTestNG.java:115)
at org.testng.remote.RemoteTestNG.initAndRun(RemoteTestNG.java:251)
at org.testng.remote.RemoteTestNG.main(RemoteTestNG.java:77)
]]>
            </full-stacktrace>
          </exception> <!-- java.lang.AssertionError -->
          <reporter-output>
          </reporter-output>
        </test-method> <!-- verifyThisMonthByChannel -->
        <test-method is-config="true" signature="reportWrapUp(org.testng.ITestResult,java.lang.reflect.Method)[pri:0, instance:testcases.TicketingDashboardTest@6356695f]" started-at="2022-12-08T11:49:55 IST" name="reportWrapUp" finished-at="2022-12-08T11:49:57 IST" duration-ms="1462" status="PASS">
          <params>
            <param index="0">
              <value>
                <![CDATA[[TestResult name=verifyThisMonthByChannel status=FAILURE method=TicketingDashboardTest.verifyThisMonthByChannel()[pri:21, instance:testcases.TicketingDashboardTest@6356695f] output={null}]]]>
              </value>
            </param>
            <param index="1">
              <value>
                <![CDATA[public void testcases.TicketingDashboardTest.verifyThisMonthByChannel()]]>
              </value>
            </param>
          </params>
          <reporter-output>
          </reporter-output>
        </test-method> <!-- reportWrapUp -->
        <test-method signature="verifyLastMonthByChannel()[pri:22, instance:testcases.TicketingDashboardTest@6356695f]" started-at="2022-12-08T11:49:57 IST" name="verifyLastMonthByChannel" finished-at="2022-12-08T11:52:17 IST" duration-ms="140155" status="PASS">
          <reporter-output>
          </reporter-output>
        </test-method> <!-- verifyLastMonthByChannel -->
        <test-method is-config="true" signature="beforeMethod(java.lang.reflect.Method)[pri:0, instance:testcases.TicketingDashboardTest@6356695f]" started-at="2022-12-08T11:49:57 IST" name="beforeMethod" finished-at="2022-12-08T11:49:57 IST" duration-ms="0" status="PASS">
          <params>
            <param index="0">
              <value>
                <![CDATA[public void testcases.TicketingDashboardTest.verifyLastMonthByChannel()]]>
              </value>
            </param>
          </params>
          <reporter-output>
          </reporter-output>
        </test-method> <!-- beforeMethod -->
        <test-method is-config="true" signature="reportWrapUp(org.testng.ITestResult,java.lang.reflect.Method)[pri:0, instance:testcases.TicketingDashboardTest@6356695f]" started-at="2022-12-08T11:52:17 IST" name="reportWrapUp" finished-at="2022-12-08T11:52:17 IST" duration-ms="2" status="PASS">
          <params>
            <param index="0">
              <value>
                <![CDATA[[TestResult name=verifyLastMonthByChannel status=SUCCESS method=TicketingDashboardTest.verifyLastMonthByChannel()[pri:22, instance:testcases.TicketingDashboardTest@6356695f] output={null}]]]>
              </value>
            </param>
            <param index="1">
              <value>
                <![CDATA[public void testcases.TicketingDashboardTest.verifyLastMonthByChannel()]]>
              </value>
            </param>
          </params>
          <reporter-output>
          </reporter-output>
        </test-method> <!-- reportWrapUp -->
        <test-method is-config="true" signature="beforeMethod(java.lang.reflect.Method)[pri:0, instance:testcases.TicketingDashboardTest@6356695f]" started-at="2022-12-08T11:52:17 IST" name="beforeMethod" finished-at="2022-12-08T11:52:17 IST" duration-ms="1" status="PASS">
          <params>
            <param index="0">
              <value>
                <![CDATA[public void testcases.TicketingDashboardTest.verifyTodaysFilterByProduct()]]>
              </value>
            </param>
          </params>
          <reporter-output>
          </reporter-output>
        </test-method> <!-- beforeMethod -->
        <test-method signature="verifyTodaysFilterByProduct()[pri:23, instance:testcases.TicketingDashboardTest@6356695f]" started-at="2022-12-08T11:52:17 IST" name="verifyTodaysFilterByProduct" finished-at="2022-12-08T11:59:19 IST" duration-ms="421803" status="PASS">
          <reporter-output>
          </reporter-output>
        </test-method> <!-- verifyTodaysFilterByProduct -->
        <test-method is-config="true" signature="reportWrapUp(org.testng.ITestResult,java.lang.reflect.Method)[pri:0, instance:testcases.TicketingDashboardTest@6356695f]" started-at="2022-12-08T11:59:19 IST" name="reportWrapUp" finished-at="2022-12-08T11:59:19 IST" duration-ms="5" status="PASS">
          <params>
            <param index="0">
              <value>
                <![CDATA[[TestResult name=verifyTodaysFilterByProduct status=SUCCESS method=TicketingDashboardTest.verifyTodaysFilterByProduct()[pri:23, instance:testcases.TicketingDashboardTest@6356695f] output={null}]]]>
              </value>
            </param>
            <param index="1">
              <value>
                <![CDATA[public void testcases.TicketingDashboardTest.verifyTodaysFilterByProduct()]]>
              </value>
            </param>
          </params>
          <reporter-output>
          </reporter-output>
        </test-method> <!-- reportWrapUp -->
        <test-method signature="verifyThisWeekFilterByProduct()[pri:24, instance:testcases.TicketingDashboardTest@6356695f]" started-at="2022-12-08T11:59:19 IST" name="verifyThisWeekFilterByProduct" finished-at="2022-12-08T12:02:45 IST" duration-ms="205738" status="PASS">
          <reporter-output>
          </reporter-output>
        </test-method> <!-- verifyThisWeekFilterByProduct -->
        <test-method is-config="true" signature="beforeMethod(java.lang.reflect.Method)[pri:0, instance:testcases.TicketingDashboardTest@6356695f]" started-at="2022-12-08T11:59:19 IST" name="beforeMethod" finished-at="2022-12-08T11:59:19 IST" duration-ms="0" status="PASS">
          <params>
            <param index="0">
              <value>
                <![CDATA[public void testcases.TicketingDashboardTest.verifyThisWeekFilterByProduct()]]>
              </value>
            </param>
          </params>
          <reporter-output>
          </reporter-output>
        </test-method> <!-- beforeMethod -->
        <test-method is-config="true" signature="reportWrapUp(org.testng.ITestResult,java.lang.reflect.Method)[pri:0, instance:testcases.TicketingDashboardTest@6356695f]" started-at="2022-12-08T12:02:45 IST" name="reportWrapUp" finished-at="2022-12-08T12:02:45 IST" duration-ms="1" status="PASS">
          <params>
            <param index="0">
              <value>
                <![CDATA[[TestResult name=verifyThisWeekFilterByProduct status=SUCCESS method=TicketingDashboardTest.verifyThisWeekFilterByProduct()[pri:24, instance:testcases.TicketingDashboardTest@6356695f] output={null}]]]>
              </value>
            </param>
            <param index="1">
              <value>
                <![CDATA[public void testcases.TicketingDashboardTest.verifyThisWeekFilterByProduct()]]>
              </value>
            </param>
          </params>
          <reporter-output>
          </reporter-output>
        </test-method> <!-- reportWrapUp -->
        <test-method is-config="true" signature="beforeMethod(java.lang.reflect.Method)[pri:0, instance:testcases.TicketingDashboardTest@6356695f]" started-at="2022-12-08T12:02:45 IST" name="beforeMethod" finished-at="2022-12-08T12:02:45 IST" duration-ms="1" status="PASS">
          <params>
            <param index="0">
              <value>
                <![CDATA[public void testcases.TicketingDashboardTest.verifyThisYearFilterByProduct()]]>
              </value>
            </param>
          </params>
          <reporter-output>
          </reporter-output>
        </test-method> <!-- beforeMethod -->
        <test-method signature="verifyThisYearFilterByProduct()[pri:25, instance:testcases.TicketingDashboardTest@6356695f]" started-at="2022-12-08T12:02:45 IST" name="verifyThisYearFilterByProduct" finished-at="2022-12-08T12:08:44 IST" duration-ms="359219" status="PASS">
          <reporter-output>
          </reporter-output>
        </test-method> <!-- verifyThisYearFilterByProduct -->
        <test-method is-config="true" signature="reportWrapUp(org.testng.ITestResult,java.lang.reflect.Method)[pri:0, instance:testcases.TicketingDashboardTest@6356695f]" started-at="2022-12-08T12:08:44 IST" name="reportWrapUp" finished-at="2022-12-08T12:08:44 IST" duration-ms="0" status="PASS">
          <params>
            <param index="0">
              <value>
                <![CDATA[[TestResult name=verifyThisYearFilterByProduct status=SUCCESS method=TicketingDashboardTest.verifyThisYearFilterByProduct()[pri:25, instance:testcases.TicketingDashboardTest@6356695f] output={null}]]]>
              </value>
            </param>
            <param index="1">
              <value>
                <![CDATA[public void testcases.TicketingDashboardTest.verifyThisYearFilterByProduct()]]>
              </value>
            </param>
          </params>
          <reporter-output>
          </reporter-output>
        </test-method> <!-- reportWrapUp -->
        <test-method is-config="true" signature="beforeMethod(java.lang.reflect.Method)[pri:0, instance:testcases.TicketingDashboardTest@6356695f]" started-at="2022-12-08T12:08:44 IST" name="beforeMethod" finished-at="2022-12-08T12:08:44 IST" duration-ms="1" status="PASS">
          <params>
            <param index="0">
              <value>
                <![CDATA[public void testcases.TicketingDashboardTest.verifyThisMonthFilterByProduct()]]>
              </value>
            </param>
          </params>
          <reporter-output>
          </reporter-output>
        </test-method> <!-- beforeMethod -->
        <test-method signature="verifyThisMonthFilterByProduct()[pri:26, instance:testcases.TicketingDashboardTest@6356695f]" started-at="2022-12-08T12:08:44 IST" name="verifyThisMonthFilterByProduct" finished-at="2022-12-08T12:15:03 IST" duration-ms="379170" status="PASS">
          <reporter-output>
          </reporter-output>
        </test-method> <!-- verifyThisMonthFilterByProduct -->
        <test-method is-config="true" signature="reportWrapUp(org.testng.ITestResult,java.lang.reflect.Method)[pri:0, instance:testcases.TicketingDashboardTest@6356695f]" started-at="2022-12-08T12:15:03 IST" name="reportWrapUp" finished-at="2022-12-08T12:15:03 IST" duration-ms="0" status="PASS">
          <params>
            <param index="0">
              <value>
                <![CDATA[[TestResult name=verifyThisMonthFilterByProduct status=SUCCESS method=TicketingDashboardTest.verifyThisMonthFilterByProduct()[pri:26, instance:testcases.TicketingDashboardTest@6356695f] output={null}]]]>
              </value>
            </param>
            <param index="1">
              <value>
                <![CDATA[public void testcases.TicketingDashboardTest.verifyThisMonthFilterByProduct()]]>
              </value>
            </param>
          </params>
          <reporter-output>
          </reporter-output>
        </test-method> <!-- reportWrapUp -->
        <test-method is-config="true" signature="beforeMethod(java.lang.reflect.Method)[pri:0, instance:testcases.TicketingDashboardTest@6356695f]" started-at="2022-12-08T12:15:03 IST" name="beforeMethod" finished-at="2022-12-08T12:15:03 IST" duration-ms="1" status="PASS">
          <params>
            <param index="0">
              <value>
                <![CDATA[public void testcases.TicketingDashboardTest.verifyYesterdayFilterByProduct()]]>
              </value>
            </param>
          </params>
          <reporter-output>
          </reporter-output>
        </test-method> <!-- beforeMethod -->
        <test-method signature="verifyYesterdayFilterByProduct()[pri:27, instance:testcases.TicketingDashboardTest@6356695f]" started-at="2022-12-08T12:15:03 IST" name="verifyYesterdayFilterByProduct" finished-at="2022-12-08T12:17:45 IST" duration-ms="162499" status="PASS">
          <reporter-output>
          </reporter-output>
        </test-method> <!-- verifyYesterdayFilterByProduct -->
        <test-method is-config="true" signature="reportWrapUp(org.testng.ITestResult,java.lang.reflect.Method)[pri:0, instance:testcases.TicketingDashboardTest@6356695f]" started-at="2022-12-08T12:17:45 IST" name="reportWrapUp" finished-at="2022-12-08T12:17:45 IST" duration-ms="1" status="PASS">
          <params>
            <param index="0">
              <value>
                <![CDATA[[TestResult name=verifyYesterdayFilterByProduct status=SUCCESS method=TicketingDashboardTest.verifyYesterdayFilterByProduct()[pri:27, instance:testcases.TicketingDashboardTest@6356695f] output={null}]]]>
              </value>
            </param>
            <param index="1">
              <value>
                <![CDATA[public void testcases.TicketingDashboardTest.verifyYesterdayFilterByProduct()]]>
              </value>
            </param>
          </params>
          <reporter-output>
          </reporter-output>
        </test-method> <!-- reportWrapUp -->
        <test-method signature="verifyLastWeekFilterByProduct()[pri:28, instance:testcases.TicketingDashboardTest@6356695f]" started-at="2022-12-08T12:17:45 IST" name="verifyLastWeekFilterByProduct" finished-at="2022-12-08T12:23:45 IST" duration-ms="359691" status="PASS">
          <reporter-output>
          </reporter-output>
        </test-method> <!-- verifyLastWeekFilterByProduct -->
        <test-method is-config="true" signature="beforeMethod(java.lang.reflect.Method)[pri:0, instance:testcases.TicketingDashboardTest@6356695f]" started-at="2022-12-08T12:17:45 IST" name="beforeMethod" finished-at="2022-12-08T12:17:45 IST" duration-ms="0" status="PASS">
          <params>
            <param index="0">
              <value>
                <![CDATA[public void testcases.TicketingDashboardTest.verifyLastWeekFilterByProduct()]]>
              </value>
            </param>
          </params>
          <reporter-output>
          </reporter-output>
        </test-method> <!-- beforeMethod -->
        <test-method is-config="true" signature="beforeMethod(java.lang.reflect.Method)[pri:0, instance:testcases.TicketingDashboardTest@6356695f]" started-at="2022-12-08T12:23:45 IST" name="beforeMethod" finished-at="2022-12-08T12:23:45 IST" duration-ms="1" status="PASS">
          <params>
            <param index="0">
              <value>
                <![CDATA[public void testcases.TicketingDashboardTest.verifyLastMonthFilterByProduct()]]>
              </value>
            </param>
          </params>
          <reporter-output>
          </reporter-output>
        </test-method> <!-- beforeMethod -->
        <test-method is-config="true" signature="reportWrapUp(org.testng.ITestResult,java.lang.reflect.Method)[pri:0, instance:testcases.TicketingDashboardTest@6356695f]" started-at="2022-12-08T12:23:45 IST" name="reportWrapUp" finished-at="2022-12-08T12:23:45 IST" duration-ms="0" status="PASS">
          <params>
            <param index="0">
              <value>
                <![CDATA[[TestResult name=verifyLastWeekFilterByProduct status=SUCCESS method=TicketingDashboardTest.verifyLastWeekFilterByProduct()[pri:28, instance:testcases.TicketingDashboardTest@6356695f] output={null}]]]>
              </value>
            </param>
            <param index="1">
              <value>
                <![CDATA[public void testcases.TicketingDashboardTest.verifyLastWeekFilterByProduct()]]>
              </value>
            </param>
          </params>
          <reporter-output>
          </reporter-output>
        </test-method> <!-- reportWrapUp -->
        <test-method signature="verifyLastMonthFilterByProduct()[pri:29, instance:testcases.TicketingDashboardTest@6356695f]" started-at="2022-12-08T12:23:45 IST" name="verifyLastMonthFilterByProduct" finished-at="2022-12-08T12:28:58 IST" duration-ms="313075" status="PASS">
          <reporter-output>
          </reporter-output>
        </test-method> <!-- verifyLastMonthFilterByProduct -->
        <test-method is-config="true" signature="reportWrapUp(org.testng.ITestResult,java.lang.reflect.Method)[pri:0, instance:testcases.TicketingDashboardTest@6356695f]" started-at="2022-12-08T12:28:58 IST" name="reportWrapUp" finished-at="2022-12-08T12:28:58 IST" duration-ms="0" status="PASS">
          <params>
            <param index="0">
              <value>
                <![CDATA[[TestResult name=verifyLastMonthFilterByProduct status=SUCCESS method=TicketingDashboardTest.verifyLastMonthFilterByProduct()[pri:29, instance:testcases.TicketingDashboardTest@6356695f] output={null}]]]>
              </value>
            </param>
            <param index="1">
              <value>
                <![CDATA[public void testcases.TicketingDashboardTest.verifyLastMonthFilterByProduct()]]>
              </value>
            </param>
          </params>
          <reporter-output>
          </reporter-output>
        </test-method> <!-- reportWrapUp -->
        <test-method is-config="true" signature="beforeMethod(java.lang.reflect.Method)[pri:0, instance:testcases.TicketingDashboardTest@6356695f]" started-at="2022-12-08T12:28:58 IST" name="beforeMethod" finished-at="2022-12-08T12:28:58 IST" duration-ms="0" status="PASS">
          <params>
            <param index="0">
              <value>
                <![CDATA[public void testcases.TicketingDashboardTest.verifyTodayFilterByResolver()]]>
              </value>
            </param>
          </params>
          <reporter-output>
          </reporter-output>
        </test-method> <!-- beforeMethod -->
        <test-method signature="verifyTodayFilterByResolver()[pri:30, instance:testcases.TicketingDashboardTest@6356695f]" started-at="2022-12-08T12:28:58 IST" name="verifyTodayFilterByResolver" finished-at="2022-12-08T12:33:05 IST" duration-ms="246906" status="PASS">
          <reporter-output>
          </reporter-output>
        </test-method> <!-- verifyTodayFilterByResolver -->
        <test-method is-config="true" signature="reportWrapUp(org.testng.ITestResult,java.lang.reflect.Method)[pri:0, instance:testcases.TicketingDashboardTest@6356695f]" started-at="2022-12-08T12:33:05 IST" name="reportWrapUp" finished-at="2022-12-08T12:33:05 IST" duration-ms="1" status="PASS">
          <params>
            <param index="0">
              <value>
                <![CDATA[[TestResult name=verifyTodayFilterByResolver status=SUCCESS method=TicketingDashboardTest.verifyTodayFilterByResolver()[pri:30, instance:testcases.TicketingDashboardTest@6356695f] output={null}]]]>
              </value>
            </param>
            <param index="1">
              <value>
                <![CDATA[public void testcases.TicketingDashboardTest.verifyTodayFilterByResolver()]]>
              </value>
            </param>
          </params>
          <reporter-output>
          </reporter-output>
        </test-method> <!-- reportWrapUp -->
        <test-method is-config="true" signature="beforeMethod(java.lang.reflect.Method)[pri:0, instance:testcases.TicketingDashboardTest@6356695f]" started-at="2022-12-08T12:33:05 IST" name="beforeMethod" finished-at="2022-12-08T12:33:05 IST" duration-ms="1" status="PASS">
          <params>
            <param index="0">
              <value>
                <![CDATA[public void testcases.TicketingDashboardTest.verifyThisWeekFilterByResolver()]]>
              </value>
            </param>
          </params>
          <reporter-output>
          </reporter-output>
        </test-method> <!-- beforeMethod -->
        <test-method signature="verifyThisWeekFilterByResolver()[pri:31, instance:testcases.TicketingDashboardTest@6356695f]" started-at="2022-12-08T12:33:05 IST" name="verifyThisWeekFilterByResolver" finished-at="2022-12-08T12:41:04 IST" duration-ms="479140" status="PASS">
          <reporter-output>
          </reporter-output>
        </test-method> <!-- verifyThisWeekFilterByResolver -->
        <test-method is-config="true" signature="reportWrapUp(org.testng.ITestResult,java.lang.reflect.Method)[pri:0, instance:testcases.TicketingDashboardTest@6356695f]" started-at="2022-12-08T12:41:04 IST" name="reportWrapUp" finished-at="2022-12-08T12:41:04 IST" duration-ms="1" status="PASS">
          <params>
            <param index="0">
              <value>
                <![CDATA[[TestResult name=verifyThisWeekFilterByResolver status=SUCCESS method=TicketingDashboardTest.verifyThisWeekFilterByResolver()[pri:31, instance:testcases.TicketingDashboardTest@6356695f] output={null}]]]>
              </value>
            </param>
            <param index="1">
              <value>
                <![CDATA[public void testcases.TicketingDashboardTest.verifyThisWeekFilterByResolver()]]>
              </value>
            </param>
          </params>
          <reporter-output>
          </reporter-output>
        </test-method> <!-- reportWrapUp -->
      </class> <!-- testcases.TicketingDashboardTest -->
      <class name="testcases.TicketGroupListingTest">
        <test-method is-config="true" signature="setUp()[pri:0, instance:testcases.TicketGroupListingTest@5ffead27]" started-at="2022-12-08T10:49:49 IST" name="setUp" finished-at="2022-12-08T10:50:06 IST" duration-ms="17399" status="PASS">
          <reporter-output>
          </reporter-output>
        </test-method> <!-- setUp -->
        <test-method is-config="true" signature="beforeMethod(java.lang.reflect.Method)[pri:0, instance:testcases.TicketGroupListingTest@5ffead27]" started-at="2022-12-08T10:50:06 IST" name="beforeMethod" finished-at="2022-12-08T10:50:06 IST" duration-ms="1" status="PASS">
          <params>
            <param index="0">
              <value>
                <![CDATA[public void testcases.TicketGroupListingTest.verifySearchFunctionality()]]>
              </value>
            </param>
          </params>
          <reporter-output>
          </reporter-output>
        </test-method> <!-- beforeMethod -->
        <test-method signature="verifySearchFunctionality()[pri:0, instance:testcases.TicketGroupListingTest@5ffead27]" started-at="2022-12-08T10:50:06 IST" name="verifySearchFunctionality" finished-at="2022-12-08T10:50:56 IST" duration-ms="49547" status="PASS">
          <reporter-output>
          </reporter-output>
        </test-method> <!-- verifySearchFunctionality -->
        <test-method is-config="true" signature="reportWrapUp(org.testng.ITestResult,java.lang.reflect.Method)[pri:0, instance:testcases.TicketGroupListingTest@5ffead27]" started-at="2022-12-08T10:50:56 IST" name="reportWrapUp" finished-at="2022-12-08T10:50:56 IST" duration-ms="0" status="PASS">
          <params>
            <param index="0">
              <value>
                <![CDATA[[TestResult name=verifySearchFunctionality status=SUCCESS method=TicketGroupListingTest.verifySearchFunctionality()[pri:0, instance:testcases.TicketGroupListingTest@5ffead27] output={null}]]]>
              </value>
            </param>
            <param index="1">
              <value>
                <![CDATA[public void testcases.TicketGroupListingTest.verifySearchFunctionality()]]>
              </value>
            </param>
          </params>
          <reporter-output>
          </reporter-output>
        </test-method> <!-- reportWrapUp -->
        <test-method signature="verifyResetFunctionality()[pri:1, instance:testcases.TicketGroupListingTest@5ffead27]" started-at="2022-12-08T10:50:56 IST" name="verifyResetFunctionality" finished-at="2022-12-08T10:52:00 IST" duration-ms="64415" status="PASS">
          <reporter-output>
          </reporter-output>
        </test-method> <!-- verifyResetFunctionality -->
        <test-method is-config="true" signature="beforeMethod(java.lang.reflect.Method)[pri:0, instance:testcases.TicketGroupListingTest@5ffead27]" started-at="2022-12-08T10:50:56 IST" name="beforeMethod" finished-at="2022-12-08T10:50:56 IST" duration-ms="0" status="PASS">
          <params>
            <param index="0">
              <value>
                <![CDATA[public void testcases.TicketGroupListingTest.verifyResetFunctionality()]]>
              </value>
            </param>
          </params>
          <reporter-output>
          </reporter-output>
        </test-method> <!-- beforeMethod -->
        <test-method is-config="true" signature="reportWrapUp(org.testng.ITestResult,java.lang.reflect.Method)[pri:0, instance:testcases.TicketGroupListingTest@5ffead27]" started-at="2022-12-08T10:52:00 IST" name="reportWrapUp" finished-at="2022-12-08T10:52:00 IST" duration-ms="0" status="PASS">
          <params>
            <param index="0">
              <value>
                <![CDATA[[TestResult name=verifyResetFunctionality status=SUCCESS method=TicketGroupListingTest.verifyResetFunctionality()[pri:1, instance:testcases.TicketGroupListingTest@5ffead27] output={null}]]]>
              </value>
            </param>
            <param index="1">
              <value>
                <![CDATA[public void testcases.TicketGroupListingTest.verifyResetFunctionality()]]>
              </value>
            </param>
          </params>
          <reporter-output>
          </reporter-output>
        </test-method> <!-- reportWrapUp -->
      </class> <!-- testcases.TicketGroupListingTest -->
      <class name="testcases.TicketingGroupTest">
        <test-method is-config="true" signature="setUp()[pri:0, instance:testcases.TicketingGroupTest@4f18837a]" started-at="2022-12-08T12:41:04 IST" name="setUp" finished-at="2022-12-08T12:41:16 IST" duration-ms="11956" status="PASS">
          <reporter-output>
          </reporter-output>
        </test-method> <!-- setUp -->
        <test-method is-config="true" signature="beforeMethod(java.lang.reflect.Method)[pri:0, instance:testcases.TicketingGroupTest@4f18837a]" started-at="2022-12-08T12:41:16 IST" name="beforeMethod" finished-at="2022-12-08T12:41:16 IST" duration-ms="0" status="PASS">
          <params>
            <param index="0">
              <value>
                <![CDATA[public void testcases.TicketingGroupTest.verifyAddGroup()]]>
              </value>
            </param>
          </params>
          <reporter-output>
          </reporter-output>
        </test-method> <!-- beforeMethod -->
        <test-method signature="verifyAddGroup()[pri:0, instance:testcases.TicketingGroupTest@4f18837a]" started-at="2022-12-08T12:41:16 IST" name="verifyAddGroup" finished-at="2022-12-08T12:41:55 IST" duration-ms="38593" status="PASS">
          <reporter-output>
          </reporter-output>
        </test-method> <!-- verifyAddGroup -->
        <test-method is-config="true" signature="reportWrapUp(org.testng.ITestResult,java.lang.reflect.Method)[pri:0, instance:testcases.TicketingGroupTest@4f18837a]" started-at="2022-12-08T12:41:55 IST" name="reportWrapUp" finished-at="2022-12-08T12:41:55 IST" duration-ms="1" status="PASS">
          <params>
            <param index="0">
              <value>
                <![CDATA[[TestResult name=verifyAddGroup status=SUCCESS method=TicketingGroupTest.verifyAddGroup()[pri:0, instance:testcases.TicketingGroupTest@4f18837a] output={null}]]]>
              </value>
            </param>
            <param index="1">
              <value>
                <![CDATA[public void testcases.TicketingGroupTest.verifyAddGroup()]]>
              </value>
            </param>
          </params>
          <reporter-output>
          </reporter-output>
        </test-method> <!-- reportWrapUp -->
        <test-method is-config="true" signature="beforeMethod(java.lang.reflect.Method)[pri:0, instance:testcases.TicketingGroupTest@4f18837a]" started-at="2022-12-08T12:41:55 IST" name="beforeMethod" finished-at="2022-12-08T12:41:55 IST" duration-ms="1" status="PASS">
          <params>
            <param index="0">
              <value>
                <![CDATA[public void testcases.TicketingGroupTest.verifyCancelButton()]]>
              </value>
            </param>
          </params>
          <reporter-output>
          </reporter-output>
        </test-method> <!-- beforeMethod -->
        <test-method signature="verifyCancelButton()[pri:1, instance:testcases.TicketingGroupTest@4f18837a]" started-at="2022-12-08T12:41:55 IST" name="verifyCancelButton" finished-at="2022-12-08T12:42:46 IST" duration-ms="51035" status="PASS">
          <reporter-output>
          </reporter-output>
        </test-method> <!-- verifyCancelButton -->
        <test-method is-config="true" signature="reportWrapUp(org.testng.ITestResult,java.lang.reflect.Method)[pri:0, instance:testcases.TicketingGroupTest@4f18837a]" started-at="2022-12-08T12:42:46 IST" name="reportWrapUp" finished-at="2022-12-08T12:42:46 IST" duration-ms="1" status="PASS">
          <params>
            <param index="0">
              <value>
                <![CDATA[[TestResult name=verifyCancelButton status=SUCCESS method=TicketingGroupTest.verifyCancelButton()[pri:1, instance:testcases.TicketingGroupTest@4f18837a] output={null}]]]>
              </value>
            </param>
            <param index="1">
              <value>
                <![CDATA[public void testcases.TicketingGroupTest.verifyCancelButton()]]>
              </value>
            </param>
          </params>
          <reporter-output>
          </reporter-output>
        </test-method> <!-- reportWrapUp -->
        <test-method is-config="true" signature="beforeMethod(java.lang.reflect.Method)[pri:0, instance:testcases.TicketingGroupTest@4f18837a]" started-at="2022-12-08T12:42:46 IST" name="beforeMethod" finished-at="2022-12-08T12:42:46 IST" duration-ms="1" status="PASS">
          <params>
            <param index="0">
              <value>
                <![CDATA[public void testcases.TicketingGroupTest.verifyNoRecordsMessage()]]>
              </value>
            </param>
          </params>
          <reporter-output>
          </reporter-output>
        </test-method> <!-- beforeMethod -->
        <test-method signature="verifyNoRecordsMessage()[pri:2, instance:testcases.TicketingGroupTest@4f18837a]" started-at="2022-12-08T12:42:46 IST" name="verifyNoRecordsMessage" finished-at="2022-12-08T12:43:28 IST" duration-ms="42359" status="PASS">
          <reporter-output>
          </reporter-output>
        </test-method> <!-- verifyNoRecordsMessage -->
        <test-method is-config="true" signature="reportWrapUp(org.testng.ITestResult,java.lang.reflect.Method)[pri:0, instance:testcases.TicketingGroupTest@4f18837a]" started-at="2022-12-08T12:43:28 IST" name="reportWrapUp" finished-at="2022-12-08T12:43:28 IST" duration-ms="1" status="PASS">
          <params>
            <param index="0">
              <value>
                <![CDATA[[TestResult name=verifyNoRecordsMessage status=SUCCESS method=TicketingGroupTest.verifyNoRecordsMessage()[pri:2, instance:testcases.TicketingGroupTest@4f18837a] output={null}]]]>
              </value>
            </param>
            <param index="1">
              <value>
                <![CDATA[public void testcases.TicketingGroupTest.verifyNoRecordsMessage()]]>
              </value>
            </param>
          </params>
          <reporter-output>
          </reporter-output>
        </test-method> <!-- reportWrapUp -->
      </class> <!-- testcases.TicketingGroupTest -->
      <class name="testcases.UnassignedTicketsTest">
        <test-method is-config="true" signature="setUp()[pri:0, instance:testcases.UnassignedTicketsTest@4466af20]" started-at="2022-12-08T13:39:16 IST" name="setUp" finished-at="2022-12-08T13:39:28 IST" duration-ms="12176" status="PASS">
          <reporter-output>
          </reporter-output>
        </test-method> <!-- setUp -->
        <test-method signature="verifyUnassignedTicketsCount()[pri:1, instance:testcases.UnassignedTicketsTest@4466af20]" started-at="2022-12-08T13:39:28 IST" name="verifyUnassignedTicketsCount" finished-at="2022-12-08T13:40:32 IST" duration-ms="63571" status="PASS">
          <reporter-output>
          </reporter-output>
        </test-method> <!-- verifyUnassignedTicketsCount -->
        <test-method is-config="true" signature="beforeMethod(java.lang.reflect.Method)[pri:0, instance:testcases.UnassignedTicketsTest@4466af20]" started-at="2022-12-08T13:39:28 IST" name="beforeMethod" finished-at="2022-12-08T13:39:28 IST" duration-ms="0" status="PASS">
          <params>
            <param index="0">
              <value>
                <![CDATA[public void testcases.UnassignedTicketsTest.verifyUnassignedTicketsCount()]]>
              </value>
            </param>
          </params>
          <reporter-output>
          </reporter-output>
        </test-method> <!-- beforeMethod -->
        <test-method is-config="true" signature="reportWrapUp(org.testng.ITestResult,java.lang.reflect.Method)[pri:0, instance:testcases.UnassignedTicketsTest@4466af20]" started-at="2022-12-08T13:40:32 IST" name="reportWrapUp" finished-at="2022-12-08T13:40:32 IST" duration-ms="1" status="PASS">
          <params>
            <param index="0">
              <value>
                <![CDATA[[TestResult name=verifyUnassignedTicketsCount status=SUCCESS method=UnassignedTicketsTest.verifyUnassignedTicketsCount()[pri:1, instance:testcases.UnassignedTicketsTest@4466af20] output={null}]]]>
              </value>
            </param>
            <param index="1">
              <value>
                <![CDATA[public void testcases.UnassignedTicketsTest.verifyUnassignedTicketsCount()]]>
              </value>
            </param>
          </params>
          <reporter-output>
          </reporter-output>
        </test-method> <!-- reportWrapUp -->
      </class> <!-- testcases.UnassignedTicketsTest -->
      <class name="testcases.TicketSummaryReportTest">
        <test-method is-config="true" signature="setUp()[pri:0, instance:testcases.TicketSummaryReportTest@4f6ee6e4]" started-at="2022-12-08T13:33:21 IST" name="setUp" finished-at="2022-12-08T13:34:33 IST" duration-ms="71953" status="PASS">
          <reporter-output>
          </reporter-output>
        </test-method> <!-- setUp -->
        <test-method is-config="true" signature="beforeMethod(java.lang.reflect.Method)[pri:0, instance:testcases.TicketSummaryReportTest@4f6ee6e4]" started-at="2022-12-08T13:34:33 IST" name="beforeMethod" finished-at="2022-12-08T13:34:33 IST" duration-ms="1" status="PASS">
          <params>
            <param index="0">
              <value>
                <![CDATA[public void testcases.TicketSummaryReportTest.verifySearchTicket()]]>
              </value>
            </param>
          </params>
          <reporter-output>
          </reporter-output>
        </test-method> <!-- beforeMethod -->
        <test-method signature="verifySearchTicket()[pri:0, instance:testcases.TicketSummaryReportTest@4f6ee6e4]" started-at="2022-12-08T13:34:33 IST" name="verifySearchTicket" finished-at="2022-12-08T13:39:16 IST" duration-ms="283278" status="FAIL">
          <exception class="java.lang.AssertionError">
            <message>
              <![CDATA[org.openqa.selenium.NoSuchElementException: no such element: Unable to locate element: {"method":"xpath","selector":"//table/tbody/tr[4]/td/div"}
  (Session info: chrome=108.0.5359.96)
For documentation on this error, please visit: https://www.seleniumhq.org/exceptions/no_such_element.html
Build info: version: '3.141.59', revision: 'e82be7d358', time: '2018-11-14T08:17:03'
System info: host: 'COG-WIN-MAC03', ip: '192.168.0.167', os.name: 'Windows 10', os.arch: 'amd64', os.version: '10.0', java.version: '17.0.2'
Driver info: org.openqa.selenium.chrome.ChromeDriver
Capabilities {acceptInsecureCerts: false, browserName: chrome, browserVersion: 108.0.5359.96, chrome: {chromedriverVersion: 107.0.5304.62 (1eec40d3a576..., userDataDir: C:\Users\aanand\AppData\Loc...}, goog:chromeOptions: {debuggerAddress: localhost:59017}, javascriptEnabled: true, networkConnectionEnabled: false, pageLoadStrategy: normal, platform: WINDOWS, platformName: WINDOWS, proxy: Proxy(), setWindowRect: true, strictFileInteractability: false, timeouts: {implicit: 0, pageLoad: 300000, script: 30000}, unhandledPromptBehavior: dismiss and notify, webauthn:extension:credBlob: true, webauthn:extension:largeBlob: true, webauthn:virtualAuthenticators: true}
Session ID: 7f2bad0701d8481433cb94c4db995d6e
*** Element info: {Using=xpath, value=//table/tbody/tr[4]/td/div}]]>
            </message>
            <full-stacktrace>
              <![CDATA[java.lang.AssertionError: org.openqa.selenium.NoSuchElementException: no such element: Unable to locate element: {"method":"xpath","selector":"//table/tbody/tr[4]/td/div"}
  (Session info: chrome=108.0.5359.96)
For documentation on this error, please visit: https://www.seleniumhq.org/exceptions/no_such_element.html
Build info: version: '3.141.59', revision: 'e82be7d358', time: '2018-11-14T08:17:03'
System info: host: 'COG-WIN-MAC03', ip: '192.168.0.167', os.name: 'Windows 10', os.arch: 'amd64', os.version: '10.0', java.version: '17.0.2'
Driver info: org.openqa.selenium.chrome.ChromeDriver
Capabilities {acceptInsecureCerts: false, browserName: chrome, browserVersion: 108.0.5359.96, chrome: {chromedriverVersion: 107.0.5304.62 (1eec40d3a576..., userDataDir: C:\Users\aanand\AppData\Loc...}, goog:chromeOptions: {debuggerAddress: localhost:59017}, javascriptEnabled: true, networkConnectionEnabled: false, pageLoadStrategy: normal, platform: WINDOWS, platformName: WINDOWS, proxy: Proxy(), setWindowRect: true, strictFileInteractability: false, timeouts: {implicit: 0, pageLoad: 300000, script: 30000}, unhandledPromptBehavior: dismiss and notify, webauthn:extension:credBlob: true, webauthn:extension:largeBlob: true, webauthn:virtualAuthenticators: true}
Session ID: 7f2bad0701d8481433cb94c4db995d6e
*** Element info: {Using=xpath, value=//table/tbody/tr[4]/td/div}
at org.testng.Assert.fail(Assert.java:99)
at utils.WebBasePage.gettextByJSexecuter(WebBasePage.java:320)
at pageobjects.TicketSummaryReportPage.ticketNoTextFromSearch(TicketSummaryReportPage.java:87)
at action.TicketSummaryReportAction.validateSearchedValues(TicketSummaryReportAction.java:46)
at testcases.TicketSummaryReportTest.verifySearchTicket(TicketSummaryReportTest.java:37)
at java.base/jdk.internal.reflect.NativeMethodAccessorImpl.invoke0(Native Method)
at java.base/jdk.internal.reflect.NativeMethodAccessorImpl.invoke(NativeMethodAccessorImpl.java:77)
at java.base/jdk.internal.reflect.DelegatingMethodAccessorImpl.invoke(DelegatingMethodAccessorImpl.java:43)
at java.base/java.lang.reflect.Method.invoke(Method.java:568)
at org.testng.internal.MethodInvocationHelper.invokeMethod(MethodInvocationHelper.java:133)
at org.testng.internal.TestInvoker.invokeMethod(TestInvoker.java:598)
at org.testng.internal.TestInvoker.invokeTestMethod(TestInvoker.java:173)
at org.testng.internal.MethodRunner.runInSequence(MethodRunner.java:46)
at org.testng.internal.TestInvoker$MethodInvocationAgent.invoke(TestInvoker.java:824)
at org.testng.internal.TestInvoker.invokeTestMethods(TestInvoker.java:146)
at org.testng.internal.TestMethodWorker.invokeTestMethods(TestMethodWorker.java:146)
at org.testng.internal.TestMethodWorker.run(TestMethodWorker.java:128)
at java.base/java.util.ArrayList.forEach(ArrayList.java:1511)
at org.testng.TestRunner.privateRun(TestRunner.java:794)
at org.testng.TestRunner.run(TestRunner.java:596)
at org.testng.SuiteRunner.runTest(SuiteRunner.java:377)
at org.testng.SuiteRunner.runSequentially(SuiteRunner.java:371)
at org.testng.SuiteRunner.privateRun(SuiteRunner.java:332)
at org.testng.SuiteRunner.run(SuiteRunner.java:276)
at org.testng.SuiteRunnerWorker.runSuite(SuiteRunnerWorker.java:53)
at org.testng.SuiteRunnerWorker.run(SuiteRunnerWorker.java:96)
at org.testng.TestNG.runSuitesSequentially(TestNG.java:1212)
at org.testng.TestNG.runSuitesLocally(TestNG.java:1134)
at org.testng.TestNG.runSuites(TestNG.java:1063)
at org.testng.TestNG.run(TestNG.java:1031)
at org.testng.remote.AbstractRemoteTestNG.run(AbstractRemoteTestNG.java:115)
at org.testng.remote.RemoteTestNG.initAndRun(RemoteTestNG.java:251)
at org.testng.remote.RemoteTestNG.main(RemoteTestNG.java:77)
]]>
            </full-stacktrace>
          </exception> <!-- java.lang.AssertionError -->
          <reporter-output>
          </reporter-output>
        </test-method> <!-- verifySearchTicket -->
        <test-method is-config="true" signature="reportWrapUp(org.testng.ITestResult,java.lang.reflect.Method)[pri:0, instance:testcases.TicketSummaryReportTest@4f6ee6e4]" started-at="2022-12-08T13:39:16 IST" name="reportWrapUp" finished-at="2022-12-08T13:39:16 IST" duration-ms="298" status="PASS">
          <params>
            <param index="0">
              <value>
                <![CDATA[[TestResult name=verifySearchTicket status=FAILURE method=TicketSummaryReportTest.verifySearchTicket()[pri:0, instance:testcases.TicketSummaryReportTest@4f6ee6e4] output={null}]]]>
              </value>
            </param>
            <param index="1">
              <value>
                <![CDATA[public void testcases.TicketSummaryReportTest.verifySearchTicket()]]>
              </value>
            </param>
          </params>
          <reporter-output>
[...]
          <reporter-output>
            <line>
              <![CDATA[Policy checkbox clicked]]>
            </line>
          </reporter-output>
        </test-method> <!-- verifyBooleanFunctionality -->
        <test-method is-config="true" signature="reportWrapUp(org.testng.ITestResult,java.lang.reflect.Method)[pri:0, instance:testcases.SLATest@2e005c4b]" started-at="2022-12-08T10:41:18 IST" name="reportWrapUp" finished-at="2022-12-08T10:41:18 IST" duration-ms="0" status="PASS">
          <params>
            <param index="0">
              <value>
                <![CDATA[[TestResult name=verifyBooleanFunctionality status=SUCCESS method=SLATest.verifyBooleanFunctionality()[pri:9, instance:testcases.SLATest@2e005c4b] output=Policy checkbox clicked]]]>
              </value>
            </param>
            <param index="1">
              <value>
                <![CDATA[public void testcases.SLATest.verifyBooleanFunctionality()]]>
              </value>
            </param>
          </params>
          <reporter-output>
          </reporter-output>
        </test-method> <!-- reportWrapUp -->
        <test-method signature="verifyBooleanSaveButtonFunctionality()[pri:10, instance:testcases.SLATest@2e005c4b]" started-at="2022-12-08T10:41:18 IST" name="verifyBooleanSaveButtonFunctionality" finished-at="2022-12-08T10:42:22 IST" duration-ms="63650" status="PASS">
          <reporter-output>
            <line>
              <![CDATA[Policy checkbox clicked]]>
            </line>
          </reporter-output>
        </test-method> <!-- verifyBooleanSaveButtonFunctionality -->
        <test-method is-config="true" signature="beforeMethod(java.lang.reflect.Method)[pri:0, instance:testcases.SLATest@2e005c4b]" started-at="2022-12-08T10:41:18 IST" name="beforeMethod" finished-at="2022-12-08T10:41:18 IST" duration-ms="0" status="PASS">
          <params>
            <param index="0">
              <value>
                <![CDATA[public void testcases.SLATest.verifyBooleanSaveButtonFunctionality()]]>
              </value>
            </param>
          </params>
          <reporter-output>
          </reporter-output>
        </test-method> <!-- beforeMethod -->
        <test-method is-config="true" signature="reportWrapUp(org.testng.ITestResult,java.lang.reflect.Method)[pri:0, instance:testcases.SLATest@2e005c4b]" started-at="2022-12-08T10:42:22 IST" name="reportWrapUp" finished-at="2022-12-08T10:42:22 IST" duration-ms="0" status="PASS">
          <params>
            <param index="0">
              <value>
                <![CDATA[[TestResult name=verifyBooleanSaveButtonFunctionality status=SUCCESS method=SLATest.verifyBooleanSaveButtonFunctionality()[pri:10, instance:testcases.SLATest@2e005c4b] output=Policy checkbox clicked]]]>
              </value>
            </param>
            <param index="1">
              <value>
                <![CDATA[public void testcases.SLATest.verifyBooleanSaveButtonFunctionality()]]>
              </value>
            </param>
          </params>
          <reporter-output>
          </reporter-output>
        </test-method> <!-- reportWrapUp -->
        <test-method signature="verifyResponseTimeValidations()[pri:11, instance:testcases.SLATest@2e005c4b]" started-at="2022-12-08T10:42:22 IST" name="verifyResponseTimeValidations" finished-at="2022-12-08T10:43:55 IST" duration-ms="92674" status="PASS">
          <reporter-output>
            <line>
              <![CDATA[Policy checkbox clicked]]>
            </line>
          </reporter-output>
        </test-method> <!-- verifyResponseTimeValidations -->
        <test-method is-config="true" signature="beforeMethod(java.lang.reflect.Method)[pri:0, instance:testcases.SLATest@2e005c4b]" started-at="2022-12-08T10:42:22 IST" name="beforeMethod" finished-at="2022-12-08T10:42:22 IST" duration-ms="0" status="PASS">
          <params>
            <param index="0">
              <value>
                <![CDATA[public void testcases.SLATest.verifyResponseTimeValidations()]]>
              </value>
            </param>
          </params>
          <reporter-output>
          </reporter-output>
        </test-method> <!-- beforeMethod -->
        <test-method is-config="true" signature="reportWrapUp(org.testng.ITestResult,java.lang.reflect.Method)[pri:0, instance:testcases.SLATest@2e005c4b]" started-at="2022-12-08T10:43:55 IST" name="reportWrapUp" finished-at="2022-12-08T10:43:55 IST" duration-ms="0" status="PASS">
          <params>
            <param index="0">
              <value>
                <![CDATA[[TestResult name=verifyResponseTimeValidations status=SUCCESS method=SLATest.verifyResponseTimeValidations()[pri:11, instance:testcases.SLATest@2e005c4b] output=Policy checkbox clicked]]]>
              </value>
            </param>
            <param index="1">
              <value>
                <![CDATA[public void testcases.SLATest.verifyResponseTimeValidations()]]>
              </value>
            </param>
          </params>
          <reporter-output>
          </reporter-output>
        </test-method> <!-- reportWrapUp -->
        <test-method signature="verifyResolveTimeValidations()[pri:12, instance:testcases.SLATest@2e005c4b]" started-at="2022-12-08T10:43:55 IST" name="verifyResolveTimeValidations" finished-at="2022-12-08T10:45:28 IST" duration-ms="93052" status="PASS">
          <reporter-output>
            <line>
              <![CDATA[Policy checkbox clicked]]>
            </line>
          </reporter-output>
        </test-method> <!-- verifyResolveTimeValidations -->
        <test-method is-config="true" signature="beforeMethod(java.lang.reflect.Method)[pri:0, instance:testcases.SLATest@2e005c4b]" started-at="2022-12-08T10:43:55 IST" name="beforeMethod" finished-at="2022-12-08T10:43:55 IST" duration-ms="0" status="PASS">
          <params>
            <param index="0">
              <value>
                <![CDATA[public void testcases.SLATest.verifyResolveTimeValidations()]]>
              </value>
            </param>
          </params>
          <reporter-output>
          </reporter-output>
        </test-method> <!-- beforeMethod -->
        <test-method is-config="true" signature="reportWrapUp(org.testng.ITestResult,java.lang.reflect.Method)[pri:0, instance:testcases.SLATest@2e005c4b]" started-at="2022-12-08T10:45:28 IST" name="reportWrapUp" finished-at="2022-12-08T10:45:28 IST" duration-ms="0" status="PASS">
          <params>
            <param index="0">
              <value>
                <![CDATA[[TestResult name=verifyResolveTimeValidations status=SUCCESS method=SLATest.verifyResolveTimeValidations()[pri:12, instance:testcases.SLATest@2e005c4b] output=Policy checkbox clicked]]]>
              </value>
            </param>
            <param index="1">
              <value>
                <![CDATA[public void testcases.SLATest.verifyResolveTimeValidations()]]>
              </value>
            </param>
          </params>
          <reporter-output>
          </reporter-output>
        </test-method> <!-- reportWrapUp -->
      </class> <!-- testcases.SLATest -->
      <class name="testcases.TicketingServiceBoardTest">
        <test-method is-config="true" signature="setUp()[pri:0, instance:testcases.TicketingServiceBoardTest@359f7cdf]" started-at="2022-12-08T12:43:28 IST" name="setUp" finished-at="2022-12-08T12:43:38 IST" duration-ms="9705" status="PASS">
          <reporter-output>
          </reporter-output>
        </test-method> <!-- setUp -->
        <test-method signature="verifyServiceboardElements()[pri:0, instance:testcases.TicketingServiceBoardTest@359f7cdf]" started-at="2022-12-08T12:43:38 IST" name="verifyServiceboardElements" finished-at="2022-12-08T12:44:08 IST" duration-ms="29805" status="PASS">
          <reporter-output>
          </reporter-output>
        </test-method> <!-- verifyServiceboardElements -->
        <test-method is-config="true" signature="beforeMethod(java.lang.reflect.Method)[pri:0, instance:testcases.TicketingServiceBoardTest@359f7cdf]" started-at="2022-12-08T12:43:38 IST" name="beforeMethod" finished-at="2022-12-08T12:43:38 IST" duration-ms="0" status="PASS">
          <params>
            <param index="0">
              <value>
                <![CDATA[public void testcases.TicketingServiceBoardTest.verifyServiceboardElements()]]>
              </value>
            </param>
          </params>
          <reporter-output>
          </reporter-output>
        </test-method> <!-- beforeMethod -->
        <test-method is-config="true" signature="reportWrapUp(org.testng.ITestResult,java.lang.reflect.Method)[pri:0, instance:testcases.TicketingServiceBoardTest@359f7cdf]" started-at="2022-12-08T12:44:08 IST" name="reportWrapUp" finished-at="2022-12-08T12:44:08 IST" duration-ms="0" status="PASS">
          <params>
            <param index="0">
              <value>
                <![CDATA[[TestResult name=verifyServiceboardElements status=SUCCESS method=TicketingServiceBoardTest.verifyServiceboardElements()[pri:0, instance:testcases.TicketingServiceBoardTest@359f7cdf] output={null}]]]>
              </value>
            </param>
            <param index="1">
              <value>
                <![CDATA[public void testcases.TicketingServiceBoardTest.verifyServiceboardElements()]]>
              </value>
            </param>
          </params>
          <reporter-output>
          </reporter-output>
        </test-method> <!-- reportWrapUp -->
        <test-method is-config="true" signature="beforeMethod(java.lang.reflect.Method)[pri:0, instance:testcases.TicketingServiceBoardTest@359f7cdf]" started-at="2022-12-08T12:44:08 IST" name="beforeMethod" finished-at="2022-12-08T12:44:08 IST" duration-ms="0" status="PASS">
          <params>
            <param index="0">
              <value>
                <![CDATA[public void testcases.TicketingServiceBoardTest.verifyAddServiceBoardGroupOne()]]>
              </value>
            </param>
          </params>
          <reporter-output>
          </reporter-output>
        </test-method> <!-- beforeMethod -->
        <test-method signature="verifyAddServiceBoardGroupOne()[pri:1, instance:testcases.TicketingServiceBoardTest@359f7cdf]" started-at="2022-12-08T12:44:08 IST" name="verifyAddServiceBoardGroupOne" finished-at="2022-12-08T12:44:58 IST" duration-ms="50337" status="PASS">
          <reporter-output>
          </reporter-output>
        </test-method> <!-- verifyAddServiceBoardGroupOne -->
        <test-method is-config="true" signature="reportWrapUp(org.testng.ITestResult,java.lang.reflect.Method)[pri:0, instance:testcases.TicketingServiceBoardTest@359f7cdf]" started-at="2022-12-08T12:44:58 IST" name="reportWrapUp" finished-at="2022-12-08T12:44:58 IST" duration-ms="0" status="PASS">
          <params>
            <param index="0">
              <value>
                <![CDATA[[TestResult name=verifyAddServiceBoardGroupOne status=SUCCESS method=TicketingServiceBoardTest.verifyAddServiceBoardGroupOne()[pri:1, instance:testcases.TicketingServiceBoardTest@359f7cdf] output={null}]]]>
              </value>
            </param>
            <param index="1">
              <value>
                <![CDATA[public void testcases.TicketingServiceBoardTest.verifyAddServiceBoardGroupOne()]]>
              </value>
            </param>
          </params>
          <reporter-output>
          </reporter-output>
        </test-method> <!-- reportWrapUp -->
        <test-method is-config="true" signature="beforeMethod(java.lang.reflect.Method)[pri:0, instance:testcases.TicketingServiceBoardTest@359f7cdf]" started-at="2022-12-08T12:44:58 IST" name="beforeMethod" finished-at="2022-12-08T12:44:58 IST" duration-ms="0" status="PASS">
          <params>
            <param index="0">
              <value>
                <![CDATA[public void testcases.TicketingServiceBoardTest.verifyAddServiceBoardGroupTwo()]]>
              </value>
            </param>
          </params>
          <reporter-output>
          </reporter-output>
        </test-method> <!-- beforeMethod -->
        <test-method signature="verifyAddServiceBoardGroupTwo()[pri:2, instance:testcases.TicketingServiceBoardTest@359f7cdf]" started-at="2022-12-08T12:44:58 IST" name="verifyAddServiceBoardGroupTwo" finished-at="2022-12-08T12:45:41 IST" duration-ms="43373" status="PASS">
          <reporter-output>
          </reporter-output>
        </test-method> <!-- verifyAddServiceBoardGroupTwo -->
        <test-method is-config="true" signature="reportWrapUp(org.testng.ITestResult,java.lang.reflect.Method)[pri:0, instance:testcases.TicketingServiceBoardTest@359f7cdf]" started-at="2022-12-08T12:45:41 IST" name="reportWrapUp" finished-at="2022-12-08T12:45:41 IST" duration-ms="0" status="PASS">
          <params>
            <param index="0">
              <value>
                <![CDATA[[TestResult name=verifyAddServiceBoardGroupTwo status=SUCCESS method=TicketingServiceBoardTest.verifyAddServiceBoardGroupTwo()[pri:2, instance:testcases.TicketingServiceBoardTest@359f7cdf] output={null}]]]>
              </value>
            </param>
            <param index="1">
              <value>
                <![CDATA[public void testcases.TicketingServiceBoardTest.verifyAddServiceBoardGroupTwo()]]>
              </value>
            </param>
          </params>
          <reporter-output>
          </reporter-output>
        </test-method> <!-- reportWrapUp -->
        <test-method is-config="true" signature="beforeMethod(java.lang.reflect.Method)[pri:0, instance:testcases.TicketingServiceBoardTest@359f7cdf]" started-at="2022-12-08T12:45:41 IST" name="beforeMethod" finished-at="2022-12-08T12:45:41 IST" duration-ms="0" status="PASS">
          <params>
            <param index="0">
              <value>
                <![CDATA[public void testcases.TicketingServiceBoardTest.verifyCancelButtonFunctionality()]]>
              </value>
            </param>
          </params>
          <reporter-output>
          </reporter-output>
        </test-method> <!-- beforeMethod -->
        <test-method signature="verifyCancelButtonFunctionality()[pri:3, instance:testcases.TicketingServiceBoardTest@359f7cdf]" started-at="2022-12-08T12:45:41 IST" name="verifyCancelButtonFunctionality" finished-at="2022-12-08T12:46:27 IST" duration-ms="45443" status="PASS">
          <reporter-output>
          </reporter-output>
        </test-method> <!-- verifyCancelButtonFunctionality -->
        <test-method is-config="true" signature="reportWrapUp(org.testng.ITestResult,java.lang.reflect.Method)[pri:0, instance:testcases.TicketingServiceBoardTest@359f7cdf]" started-at="2022-12-08T12:46:27 IST" name="reportWrapUp" finished-at="2022-12-08T12:46:27 IST" duration-ms="1" status="PASS">
          <params>
            <param index="0">
              <value>
                <![CDATA[[TestResult name=verifyCancelButtonFunctionality status=SUCCESS method=TicketingServiceBoardTest.verifyCancelButtonFunctionality()[pri:3, instance:testcases.TicketingServiceBoardTest@359f7cdf] output={null}]]]>
              </value>
            </param>
            <param index="1">
              <value>
                <![CDATA[public void testcases.TicketingServiceBoardTest.verifyCancelButtonFunctionality()]]>
              </value>
            </param>
          </params>
          <reporter-output>
          </reporter-output>
        </test-method> <!-- reportWrapUp -->
        <test-method is-config="true" signature="beforeMethod(java.lang.reflect.Method)[pri:0, instance:testcases.TicketingServiceBoardTest@359f7cdf]" started-at="2022-12-08T12:46:27 IST" name="beforeMethod" finished-at="2022-12-08T12:46:27 IST" duration-ms="0" status="PASS">
          <params>
            <param index="0">
              <value>
                <![CDATA[public void testcases.TicketingServiceBoardTest.verifyUpdateServiceBoardNavigation()]]>
              </value>
            </param>
          </params>
          <reporter-output>
          </reporter-output>
        </test-method> <!-- beforeMethod -->
        <test-method signature="verifyUpdateServiceBoardNavigation()[pri:4, instance:testcases.TicketingServiceBoardTest@359f7cdf]" started-at="2022-12-08T12:46:27 IST" name="verifyUpdateServiceBoardNavigation" finished-at="2022-12-08T12:47:07 IST" duration-ms="39837" status="PASS">
          <reporter-output>
          </reporter-output>
        </test-method> <!-- verifyUpdateServiceBoardNavigation -->
        <test-method is-config="true" signature="reportWrapUp(org.testng.ITestResult,java.lang.reflect.Method)[pri:0, instance:testcases.TicketingServiceBoardTest@359f7cdf]" started-at="2022-12-08T12:47:07 IST" name="reportWrapUp" finished-at="2022-12-08T12:47:07 IST" duration-ms="0" status="PASS">
          <params>
            <param index="0">
              <value>
                <![CDATA[[TestResult name=verifyUpdateServiceBoardNavigation status=SUCCESS method=TicketingServiceBoardTest.verifyUpdateServiceBoardNavigation()[pri:4, instance:testcases.TicketingServiceBoardTest@359f7cdf] output={null}]]]>
              </value>
            </param>
            <param index="1">
              <value>
                <![CDATA[public void testcases.TicketingServiceBoardTest.verifyUpdateServiceBoardNavigation()]]>
              </value>
            </param>
          </params>
          <reporter-output>
          </reporter-output>
        </test-method> <!-- reportWrapUp -->
      </class> <!-- testcases.TicketingServiceBoardTest -->
      <class name="testcases.TicketDetailReportTest">
        <test-method is-config="true" signature="setUp()[pri:0, instance:testcases.TicketDetailReportTest@4567f35d]" started-at="2022-12-08T10:45:28 IST" name="setUp" finished-at="2022-12-08T10:45:40 IST" duration-ms="11853" status="PASS">
          <reporter-output>
          </reporter-output>
        </test-method> <!-- setUp -->
        <test-method signature="verifySearchTicket()[pri:0, instance:testcases.TicketDetailReportTest@4567f35d]" started-at="2022-12-08T10:45:40 IST" name="verifySearchTicket" finished-at="2022-12-08T10:49:49 IST" duration-ms="248842" status="PASS">
          <reporter-output>
          </reporter-output>
        </test-method> <!-- verifySearchTicket -->
        <test-method is-config="true" signature="beforeMethod(java.lang.reflect.Method)[pri:0, instance:testcases.TicketDetailReportTest@4567f35d]" started-at="2022-12-08T10:45:40 IST" name="beforeMethod" finished-at="2022-12-08T10:45:40 IST" duration-ms="0" status="PASS">
          <params>
            <param index="0">
              <value>
                <![CDATA[public void testcases.TicketDetailReportTest.verifySearchTicket()]]>
              </value>
            </param>
          </params>
          <reporter-output>
          </reporter-output>
        </test-method> <!-- beforeMethod -->
        <test-method is-config="true" signature="reportWrapUp(org.testng.ITestResult,java.lang.reflect.Method)[pri:0, instance:testcases.TicketDetailReportTest@4567f35d]" started-at="2022-12-08T10:49:49 IST" name="reportWrapUp" finished-at="2022-12-08T10:49:49 IST" duration-ms="1" status="PASS">
          <params>
            <param index="0">
              <value>
                <![CDATA[[TestResult name=verifySearchTicket status=SUCCESS method=TicketDetailReportTest.verifySearchTicket()[pri:0, instance:testcases.TicketDetailReportTest@4567f35d] output={null}]]]>
              </value>
            </param>
            <param index="1">
              <value>
                <![CDATA[public void testcases.TicketDetailReportTest.verifySearchTicket()]]>
              </value>
            </param>
          </params>
          <reporter-output>
          </reporter-output>
        </test-method> <!-- reportWrapUp -->
      </class> <!-- testcases.TicketDetailReportTest -->
    </test> <!-- Test -->
  </suite> <!-- Suite -->
</testng-results>
